<?xml version="1.0" encoding="UTF-8"?>
<coverage generated="1775253810617" clover="3.2.0">
  <project timestamp="1775253810618" name="All files">
    <metrics statements="52" coveredstatements="51" conditionals="39" coveredconditionals="34" methods="17" coveredmethods="17" elements="108" coveredelements="102" complexity="0" loc="52" ncloc="52" packages="3" files="5" classes="5"/>
    <package name="src">
      <metrics statements="1" coveredstatements="1" conditionals="0" coveredconditionals="0" methods="1" coveredmethods="1"/>
      <file name="App.css" path="C:\Users\doobs\OneDrive\Documents\projects\rare-bird-dashboard\frontend\src\App.css">
        <metrics statements="0" coveredstatements="0" conditionals="0" coveredconditionals="0" methods="0" coveredmethods="0"/>
      </file>
      <file name="App.tsx" path="C:\Users\doobs\OneDrive\Documents\projects\rare-bird-dashboard\frontend\src\App.tsx">
        <metrics statements="1" coveredstatements="1" conditionals="0" coveredconditionals="0" methods="1" coveredmethods="1"/>
        <line num="5" count="1" type="stmt"/>
      </file>
    </package>
    <package name="src.components">
      <metrics statements="40" coveredstatements="39" conditionals="35" coveredconditionals="30" methods="12" coveredmethods="12"/>
      <file name="Dashboard.tsx" path="C:\Users\doobs\OneDrive\Documents\projects\rare-bird-dashboard\frontend\src\components\Dashboard.tsx">
        <metrics statements="32" coveredstatements="31" conditionals="33" coveredconditionals="28" methods="9" coveredmethods="9"/>
        <line num="20" count="2" type="stmt"/>
        <line num="21" count="18" type="stmt"/>
        <line num="22" count="18" type="stmt"/>
        <line num="23" count="18" type="stmt"/>
        <line num="26" count="18" type="stmt"/>
        <line num="27" count="18" type="stmt"/>
        <line num="28" count="18" type="stmt"/>
        <line num="30" count="18" type="stmt"/>
        <line num="31" count="7" type="stmt"/>
        <line num="33" count="6" type="cond" truecount="1" falsecount="1"/>
        <line num="34" count="6" type="stmt"/>
        <line num="37" count="6" type="stmt"/>
        <line num="38" count="6" type="stmt"/>
        <line num="41" count="1" type="stmt"/>
        <line num="42" count="1" type="stmt"/>
        <line num="46" count="18" type="stmt"/>
        <line num="47" count="4" type="cond" truecount="3" falsecount="1"/>
        <line num="48" count="4" type="cond" truecount="2" falsecount="0"/>
        <line num="49" count="1" type="stmt"/>
        <line num="50" count="1" type="stmt"/>
        <line num="53" count="3" type="stmt"/>
        <line num="55" count="2" type="stmt"/>
        <line num="59" count="2" type="stmt"/>
        <line num="60" count="2" type="stmt"/>
        <line num="63" count="1" type="stmt"/>
        <line num="64" count="1" type="stmt"/>
        <line num="68" count="0" type="stmt"/>
        <line num="72" count="18" type="cond" truecount="4" falsecount="0"/>
        <line num="76" count="18" type="cond" truecount="2" falsecount="0"/>
        <line num="77" count="11" type="cond" truecount="2" falsecount="0"/>
        <line num="79" count="10" type="stmt"/>
        <line num="98" count="14" type="stmt"/>
      </file>
      <file name="SightingMap.tsx" path="C:\Users\doobs\OneDrive\Documents\projects\rare-bird-dashboard\frontend\src\components\SightingMap.tsx">
        <metrics statements="8" coveredstatements="8" conditionals="2" coveredconditionals="2" methods="3" coveredmethods="3"/>
        <line num="7" count="3" type="stmt"/>
        <line num="8" count="3" type="stmt"/>
        <line num="28" count="3" type="stmt"/>
        <line num="29" count="15" type="cond" truecount="2" falsecount="0"/>
        <line num="32" count="11" type="stmt"/>
        <line num="33" count="11" type="stmt"/>
        <line num="35" count="11" type="stmt"/>
        <line num="48" count="15" type="stmt"/>
      </file>
    </package>
    <package name="src.lib">
      <metrics statements="11" coveredstatements="11" conditionals="4" coveredconditionals="4" methods="4" coveredmethods="4"/>
      <file name="geo-utils.ts" path="C:\Users\doobs\OneDrive\Documents\projects\rare-bird-dashboard\frontend\src\lib\geo-utils.ts">
        <metrics statements="11" coveredstatements="11" conditionals="4" coveredconditionals="4" methods="4" coveredmethods="4"/>
        <line num="12" count="10" type="stmt"/>
        <line num="13" count="10" type="stmt"/>
        <line num="14" count="10" type="stmt"/>
        <line num="16" count="10" type="stmt"/>
        <line num="19" count="10" type="stmt"/>
        <line num="20" count="10" type="stmt"/>
        <line num="24" count="40" type="stmt"/>
        <line num="37" count="4" type="stmt"/>
        <line num="38" count="10" type="cond" truecount="4" falsecount="0"/>
        <line num="39" count="8" type="stmt"/>
        <line num="40" count="8" type="stmt"/>
      </file>
    </package>
  </project>
</coverage>
