<?xml version="1.0" encoding="UTF-8"?>
<coverage generated="1776023491468" clover="3.2.0">
  <project timestamp="1776023491468" name="All files">
    <metrics statements="89" coveredstatements="86" conditionals="69" coveredconditionals="60" methods="35" coveredmethods="33" elements="193" coveredelements="179" complexity="0" loc="89" ncloc="89" packages="3" files="7" classes="7"/>
    <package name="src">
      <metrics statements="1" coveredstatements="1" conditionals="0" coveredconditionals="0" methods="1" coveredmethods="1"/>
      <file name="App.css" path="C:\Users\doobs\OneDrive\Documents\projects\rare-bird-dashboard\frontend\src\App.css">
        <metrics statements="0" coveredstatements="0" conditionals="0" coveredconditionals="0" methods="0" coveredmethods="0"/>
      </file>
      <file name="App.tsx" path="C:\Users\doobs\OneDrive\Documents\projects\rare-bird-dashboard\frontend\src\App.tsx">
        <metrics statements="1" coveredstatements="1" conditionals="0" coveredconditionals="0" methods="1" coveredmethods="1"/>
        <line num="5" count="1" type="stmt"/>
      </file>
    </package>
    <package name="src.components">
      <metrics statements="73" coveredstatements="70" conditionals="63" coveredconditionals="54" methods="29" coveredmethods="27"/>
      <file name="Dashboard.tsx" path="C:\Users\doobs\OneDrive\Documents\projects\rare-bird-dashboard\frontend\src\components\Dashboard.tsx">
        <metrics statements="50" coveredstatements="48" conditionals="47" coveredconditionals="40" methods="18" coveredmethods="17"/>
        <line num="32" count="2" type="stmt"/>
        <line num="33" count="32" type="stmt"/>
        <line num="34" count="32" type="stmt"/>
        <line num="35" count="32" type="stmt"/>
        <line num="36" count="32" type="stmt"/>
        <line num="39" count="32" type="stmt"/>
        <line num="40" count="32" type="stmt"/>
        <line num="41" count="32" type="stmt"/>
        <line num="44" count="32" type="stmt"/>
        <line num="46" count="32" type="stmt"/>
        <line num="48" count="11" type="stmt"/>
        <line num="50" count="10" type="cond" truecount="1" falsecount="1"/>
        <line num="51" count="10" type="stmt"/>
        <line num="54" count="10" type="stmt"/>
        <line num="55" count="10" type="stmt"/>
        <line num="58" count="1" type="stmt"/>
        <line num="59" count="1" type="stmt"/>
        <line num="63" count="11" type="stmt"/>
        <line num="64" count="11" type="stmt"/>
        <line num="65" count="11" type="stmt"/>
        <line num="66" count="0" type="stmt"/>
        <line num="69" count="32" type="stmt"/>
        <line num="70" count="4" type="cond" truecount="3" falsecount="1"/>
        <line num="71" count="4" type="cond" truecount="2" falsecount="0"/>
        <line num="72" count="1" type="stmt"/>
        <line num="73" count="1" type="stmt"/>
        <line num="76" count="3" type="stmt"/>
        <line num="78" count="2" type="stmt"/>
        <line num="82" count="2" type="stmt"/>
        <line num="83" count="2" type="stmt"/>
        <line num="86" count="1" type="stmt"/>
        <line num="87" count="1" type="stmt"/>
        <line num="91" count="0" type="stmt"/>
        <line num="95" count="32" type="stmt"/>
        <line num="96" count="6" type="stmt"/>
        <line num="97" count="6" type="cond" truecount="2" falsecount="0"/>
        <line num="99" count="5" type="cond" truecount="2" falsecount="0"/>
        <line num="100" count="14" type="stmt"/>
        <line num="102" count="1" type="stmt"/>
        <line num="107" count="32" type="stmt"/>
        <line num="109" count="35" type="cond" truecount="1" falsecount="1"/>
        <line num="110" count="35" type="stmt"/>
        <line num="113" count="32" type="stmt"/>
        <line num="114" count="43" type="cond" truecount="1" falsecount="1"/>
        <line num="116" count="38" type="cond" truecount="4" falsecount="0"/>
        <line num="117" count="4" type="stmt"/>
        <line num="120" count="32" type="cond" truecount="2" falsecount="0"/>
        <line num="121" count="21" type="cond" truecount="2" falsecount="0"/>
        <line num="123" count="20" type="stmt"/>
        <line num="161" count="35" type="stmt"/>
      </file>
      <file name="RarityFilter.tsx" path="C:\Users\doobs\OneDrive\Documents\projects\rare-bird-dashboard\frontend\src\components\RarityFilter.tsx">
        <metrics statements="15" coveredstatements="14" conditionals="14" coveredconditionals="12" methods="8" coveredmethods="7"/>
        <line num="18" count="3" type="stmt"/>
        <line num="19" count="27" type="stmt"/>
        <line num="20" count="27" type="stmt"/>
        <line num="22" count="27" type="stmt"/>
        <line num="23" count="18" type="stmt"/>
        <line num="24" count="0" type="stmt"/>
        <line num="26" count="18" type="stmt"/>
        <line num="27" count="18" type="stmt"/>
        <line num="30" count="27" type="cond" truecount="2" falsecount="0"/>
        <line num="31" count="2" type="stmt"/>
        <line num="39" count="12" type="stmt"/>
        <line num="41" count="1" type="stmt"/>
        <line num="56" count="25" type="stmt"/>
        <line num="63" count="150" type="stmt"/>
        <line num="65" count="7" type="stmt"/>
      </file>
      <file name="SightingMap.tsx" path="C:\Users\doobs\OneDrive\Documents\projects\rare-bird-dashboard\frontend\src\components\SightingMap.tsx">
        <metrics statements="8" coveredstatements="8" conditionals="2" coveredconditionals="2" methods="3" coveredmethods="3"/>
        <line num="7" count="3" type="stmt"/>
        <line num="8" count="3" type="stmt"/>
        <line num="28" count="3" type="stmt"/>
        <line num="29" count="34" type="cond" truecount="2" falsecount="0"/>
        <line num="32" count="20" type="stmt"/>
        <line num="33" count="20" type="stmt"/>
        <line num="35" count="20" type="stmt"/>
        <line num="48" count="34" type="stmt"/>
      </file>
    </package>
    <package name="src.lib">
      <metrics statements="15" coveredstatements="15" conditionals="6" coveredconditionals="6" methods="5" coveredmethods="5"/>
      <file name="geo-utils.ts" path="C:\Users\doobs\OneDrive\Documents\projects\rare-bird-dashboard\frontend\src\lib\geo-utils.ts">
        <metrics statements="11" coveredstatements="11" conditionals="4" coveredconditionals="4" methods="4" coveredmethods="4"/>
        <line num="12" count="10" type="stmt"/>
        <line num="13" count="10" type="stmt"/>
        <line num="14" count="10" type="stmt"/>
        <line num="16" count="10" type="stmt"/>
        <line num="19" count="10" type="stmt"/>
        <line num="20" count="10" type="stmt"/>
        <line num="24" count="40" type="stmt"/>
        <line num="37" count="6" type="stmt"/>
        <line num="38" count="10" type="cond" truecount="4" falsecount="0"/>
        <line num="39" count="8" type="stmt"/>
        <line num="40" count="8" type="stmt"/>
      </file>
      <file name="rarity-utils.ts" path="C:\Users\doobs\OneDrive\Documents\projects\rare-bird-dashboard\frontend\src\lib\rarity-utils.ts">
        <metrics statements="4" coveredstatements="4" conditionals="2" coveredconditionals="2" methods="1" coveredmethods="1"/>
        <line num="1" count="4" type="stmt"/>
        <line num="10" count="4" type="stmt"/>
        <line num="12" count="4" type="stmt"/>
        <line num="13" count="39" type="cond" truecount="2" falsecount="0"/>
      </file>
    </package>
  </project>
</coverage>
