{"C:\\Users\\doobs\\OneDrive\\Documents\\projects\\rare-bird-dashboard\\frontend\\src\\App.css": {"path":"C:\\Users\\doobs\\OneDrive\\Documents\\projects\\rare-bird-dashboard\\frontend\\src\\App.css","statementMap":{},"fnMap":{},"branchMap":{},"s":{},"f":{},"b":{},"meta":{"lastBranch":0,"lastFunction":0,"lastStatement":0,"seen":{}}}
,"C:\\Users\\doobs\\OneDrive\\Documents\\projects\\rare-bird-dashboard\\frontend\\src\\App.tsx": {"path":"C:\\Users\\doobs\\OneDrive\\Documents\\projects\\rare-bird-dashboard\\frontend\\src\\App.tsx","statementMap":{"0":{"start":{"line":5,"column":2},"end":{"line":8,"column":null}}},"fnMap":{"0":{"name":"App","decl":{"start":{"line":4,"column":9},"end":{"line":4,"column":15}},"loc":{"start":{"line":4,"column":15},"end":{"line":8,"column":null}},"line":4}},"branchMap":{},"s":{"0":1},"f":{"0":1},"b":{},"meta":{"lastBranch":0,"lastFunction":1,"lastStatement":1,"seen":{"f:4:9:4:15":0,"s:5:2:8:Infinity":0}}}
,"C:\\Users\\doobs\\OneDrive\\Documents\\projects\\rare-bird-dashboard\\frontend\\src\\components\\Dashboard.tsx": {"path":"C:\\Users\\doobs\\OneDrive\\Documents\\projects\\rare-bird-dashboard\\frontend\\src\\components\\Dashboard.tsx","statementMap":{"0":{"start":{"line":20,"column":6},"end":{"line":122,"column":null}},"1":{"start":{"line":21,"column":20},"end":{"line":21,"column":60}},"2":{"start":{"line":22,"column":18},"end":{"line":22,"column":46}},"3":{"start":{"line":23,"column":16},"end":{"line":23,"column":57}},"4":{"start":{"line":26,"column":17},"end":{"line":26,"column":45}},"5":{"start":{"line":27,"column":23},"end":{"line":27,"column":93}},"6":{"start":{"line":28,"column":19},"end":{"line":28,"column":63}},"7":{"start":{"line":30,"column":2},"end":{"line":44,"column":null}},"8":{"start":{"line":31,"column":4},"end":{"line":43,"column":null}},"9":{"start":{"line":33,"column":8},"end":{"line":33,"column":null}},"10":{"start":{"line":33,"column":21},"end":{"line":33,"column":null}},"11":{"start":{"line":34,"column":8},"end":{"line":34,"column":null}},"12":{"start":{"line":37,"column":8},"end":{"line":37,"column":null}},"13":{"start":{"line":38,"column":8},"end":{"line":38,"column":null}},"14":{"start":{"line":41,"column":8},"end":{"line":41,"column":null}},"15":{"start":{"line":42,"column":8},"end":{"line":42,"column":null}},"16":{"start":{"line":46,"column":8},"end":{"line":68,"column":null}},"17":{"start":{"line":47,"column":4},"end":{"line":68,"column":null}},"18":{"start":{"line":48,"column":6},"end":{"line":50,"column":null}},"19":{"start":{"line":49,"column":8},"end":{"line":49,"column":null}},"20":{"start":{"line":50,"column":8},"end":{"line":50,"column":null}},"21":{"start":{"line":53,"column":6},"end":{"line":66,"column":null}},"22":{"start":{"line":55,"column":10},"end":{"line":58,"column":null}},"23":{"start":{"line":59,"column":10},"end":{"line":59,"column":null}},"24":{"start":{"line":60,"column":10},"end":{"line":60,"column":null}},"25":{"start":{"line":63,"column":10},"end":{"line":63,"column":null}},"26":{"start":{"line":64,"column":10},"end":{"line":64,"column":null}},"27":{"start":{"line":68,"column":6},"end":{"line":68,"column":null}},"28":{"start":{"line":72,"column":30},"end":{"line":74,"column":null}},"29":{"start":{"line":76,"column":2},"end":{"line":76,"column":null}},"30":{"start":{"line":76,"column":15},"end":{"line":76,"column":null}},"31":{"start":{"line":77,"column":2},"end":{"line":77,"column":null}},"32":{"start":{"line":77,"column":13},"end":{"line":77,"column":null}},"33":{"start":{"line":79,"column":2},"end":{"line":122,"column":null}},"34":{"start":{"line":98,"column":10},"end":{"line":117,"column":null}}},"fnMap":{"0":{"name":"(anonymous_0)","decl":{"start":{"line":20,"column":6},"end":{"line":20,"column":34}},"loc":{"start":{"line":20,"column":34},"end":{"line":122,"column":null}},"line":20},"1":{"name":"(anonymous_1)","decl":{"start":{"line":30,"column":2},"end":{"line":30,"column":18}},"loc":{"start":{"line":30,"column":18},"end":{"line":44,"column":7}},"line":30},"2":{"name":"(anonymous_2)","decl":{"start":{"line":32,"column":7},"end":{"line":32,"column":13}},"loc":{"start":{"line":32,"column":21},"end":{"line":35,"column":null}},"line":32},"3":{"name":"(anonymous_3)","decl":{"start":{"line":36,"column":7},"end":{"line":36,"column":13}},"loc":{"start":{"line":36,"column":22},"end":{"line":39,"column":null}},"line":36},"4":{"name":"(anonymous_4)","decl":{"start":{"line":40,"column":7},"end":{"line":40,"column":14}},"loc":{"start":{"line":40,"column":22},"end":{"line":43,"column":null}},"line":40},"5":{"name":"(anonymous_5)","decl":{"start":{"line":46,"column":8},"end":{"line":46,"column":35}},"loc":{"start":{"line":46,"column":35},"end":{"line":68,"column":null}},"line":46},"6":{"name":"(anonymous_6)","decl":{"start":{"line":53,"column":28},"end":{"line":53,"column":null}},"loc":{"start":{"line":54,"column":22},"end":{"line":62,"column":17}},"line":54},"7":{"name":"(anonymous_7)","decl":{"start":{"line":62,"column":9},"end":{"line":62,"column":17}},"loc":{"start":{"line":62,"column":17},"end":{"line":66,"column":null}},"line":62},"8":{"name":"(anonymous_8)","decl":{"start":{"line":97,"column":28},"end":{"line":97,"column":33}},"loc":{"start":{"line":98,"column":10},"end":{"line":117,"column":null}},"line":98}},"branchMap":{"0":{"loc":{"start":{"line":33,"column":8},"end":{"line":33,"column":null}},"type":"if","locations":[{"start":{"line":33,"column":8},"end":{"line":33,"column":null}},{"start":{},"end":{}}],"line":33},"1":{"loc":{"start":{"line":47,"column":4},"end":{"line":68,"column":null}},"type":"if","locations":[{"start":{"line":47,"column":4},"end":{"line":68,"column":null}},{"start":{"line":67,"column":11},"end":{"line":68,"column":null}}],"line":47},"2":{"loc":{"start":{"line":47,"column":8},"end":{"line":47,"column":34}},"type":"binary-expr","locations":[{"start":{"line":47,"column":8},"end":{"line":47,"column":19}},{"start":{"line":47,"column":19},"end":{"line":47,"column":34}}],"line":47},"3":{"loc":{"start":{"line":48,"column":6},"end":{"line":50,"column":null}},"type":"if","locations":[{"start":{"line":48,"column":6},"end":{"line":50,"column":null}},{"start":{},"end":{}}],"line":48},"4":{"loc":{"start":{"line":72,"column":30},"end":{"line":74,"column":null}},"type":"cond-expr","locations":[{"start":{"line":72,"column":40},"end":{"line":73,"column":74}},{"start":{"line":74,"column":6},"end":{"line":74,"column":null}}],"line":72},"5":{"loc":{"start":{"line":72,"column":30},"end":{"line":72,"column":null}},"type":"binary-expr","locations":[{"start":{"line":72,"column":30},"end":{"line":72,"column":40}},{"start":{"line":72,"column":40},"end":{"line":72,"column":null}}],"line":72},"6":{"loc":{"start":{"line":76,"column":2},"end":{"line":76,"column":null}},"type":"if","locations":[{"start":{"line":76,"column":2},"end":{"line":76,"column":null}},{"start":{},"end":{}}],"line":76},"7":{"loc":{"start":{"line":77,"column":2},"end":{"line":77,"column":null}},"type":"if","locations":[{"start":{"line":77,"column":2},"end":{"line":77,"column":null}},{"start":{},"end":{}}],"line":77},"8":{"loc":{"start":{"line":85,"column":37},"end":{"line":85,"column":null}},"type":"cond-expr","locations":[{"start":{"line":85,"column":46},"end":{"line":85,"column":57}},{"start":{"line":85,"column":57},"end":{"line":85,"column":null}}],"line":85},"9":{"loc":{"start":{"line":88,"column":13},"end":{"line":88,"column":null}},"type":"cond-expr","locations":[{"start":{"line":88,"column":22},"end":{"line":88,"column":49}},{"start":{"line":88,"column":49},"end":{"line":88,"column":null}}],"line":88},"10":{"loc":{"start":{"line":90,"column":11},"end":{"line":90,"column":null}},"type":"binary-expr","locations":[{"start":{"line":90,"column":11},"end":{"line":90,"column":23}},{"start":{"line":90,"column":23},"end":{"line":90,"column":null}}],"line":90},"11":{"loc":{"start":{"line":101,"column":13},"end":{"line":102,"column":null}},"type":"binary-expr","locations":[{"start":{"line":101,"column":13},"end":{"line":101,"column":32}},{"start":{"line":101,"column":32},"end":{"line":101,"column":null}},{"start":{"line":102,"column":14},"end":{"line":102,"column":null}}],"line":101},"12":{"loc":{"start":{"line":109,"column":13},"end":{"line":110,"column":null}},"type":"binary-expr","locations":[{"start":{"line":109,"column":13},"end":{"line":109,"column":null}},{"start":{"line":110,"column":14},"end":{"line":110,"column":null}}],"line":109},"13":{"loc":{"start":{"line":113,"column":15},"end":{"line":113,"column":null}},"type":"binary-expr","locations":[{"start":{"line":113,"column":15},"end":{"line":113,"column":34}},{"start":{"line":113,"column":34},"end":{"line":113,"column":null}}],"line":113},"14":{"loc":{"start":{"line":114,"column":15},"end":{"line":114,"column":null}},"type":"binary-expr","locations":[{"start":{"line":114,"column":15},"end":{"line":114,"column":40}},{"start":{"line":114,"column":40},"end":{"line":114,"column":null}}],"line":114},"15":{"loc":{"start":{"line":119,"column":9},"end":{"line":122,"column":null}},"type":"binary-expr","locations":[{"start":{"line":119,"column":9},"end":{"line":119,"column":null}},{"start":{"line":120,"column":10},"end":{"line":122,"column":null}}],"line":119}},"s":{"0":2,"1":18,"2":18,"3":18,"4":18,"5":18,"6":18,"7":18,"8":7,"9":6,"10":0,"11":6,"12":6,"13":6,"14":1,"15":1,"16":18,"17":4,"18":4,"19":1,"20":1,"21":3,"22":2,"23":2,"24":2,"25":1,"26":1,"27":0,"28":18,"29":18,"30":7,"31":11,"32":11,"33":10,"34":14},"f":{"0":18,"1":7,"2":6,"3":6,"4":1,"5":4,"6":2,"7":1,"8":14},"b":{"0":[0,6],"1":[4,0],"2":[4,4],"3":[1,3],"4":[2,16],"5":[18,2],"6":[7,11],"7":[1,10],"8":[2,8],"9":[2,8],"10":[18,2],"11":[14,1,1],"12":[14,0],"13":[14,0],"14":[14,0],"15":[18,2]},"meta":{"lastBranch":16,"lastFunction":9,"lastStatement":35,"seen":{"s:20:6:122:Infinity":0,"f:20:6:20:34":0,"s:21:20:21:60":1,"s:22:18:22:46":2,"s:23:16:23:57":3,"s:26:17:26:45":4,"s:27:23:27:93":5,"s:28:19:28:63":6,"s:30:2:44:Infinity":7,"f:30:2:30:18":1,"s:31:4:43:Infinity":8,"f:32:7:32:13":2,"b:33:8:33:Infinity:undefined:undefined:undefined:undefined":0,"s:33:8:33:Infinity":9,"s:33:21:33:Infinity":10,"s:34:8:34:Infinity":11,"f:36:7:36:13":3,"s:37:8:37:Infinity":12,"s:38:8:38:Infinity":13,"f:40:7:40:14":4,"s:41:8:41:Infinity":14,"s:42:8:42:Infinity":15,"s:46:8:68:Infinity":16,"f:46:8:46:35":5,"b:47:4:68:Infinity:67:11:68:Infinity":1,"s:47:4:68:Infinity":17,"b:47:8:47:19:47:19:47:34":2,"b:48:6:50:Infinity:undefined:undefined:undefined:undefined":3,"s:48:6:50:Infinity":18,"s:49:8:49:Infinity":19,"s:50:8:50:Infinity":20,"s:53:6:66:Infinity":21,"f:53:28:53:Infinity":6,"s:55:10:58:Infinity":22,"s:59:10:59:Infinity":23,"s:60:10:60:Infinity":24,"f:62:9:62:17":7,"s:63:10:63:Infinity":25,"s:64:10:64:Infinity":26,"s:68:6:68:Infinity":27,"s:72:30:74:Infinity":28,"b:72:40:73:74:74:6:74:Infinity":4,"b:72:30:72:40:72:40:72:Infinity":5,"b:76:2:76:Infinity:undefined:undefined:undefined:undefined":6,"s:76:2:76:Infinity":29,"s:76:15:76:Infinity":30,"b:77:2:77:Infinity:undefined:undefined:undefined:undefined":7,"s:77:2:77:Infinity":31,"s:77:13:77:Infinity":32,"s:79:2:122:Infinity":33,"b:85:46:85:57:85:57:85:Infinity":8,"b:88:22:88:49:88:49:88:Infinity":9,"b:90:11:90:23:90:23:90:Infinity":10,"f:97:28:97:33":8,"s:98:10:117:Infinity":34,"b:101:13:101:32:101:32:101:Infinity:102:14:102:Infinity":11,"b:109:13:109:Infinity:110:14:110:Infinity":12,"b:113:15:113:34:113:34:113:Infinity":13,"b:114:15:114:40:114:40:114:Infinity":14,"b:119:9:119:Infinity:120:10:122:Infinity":15}}}
,"C:\\Users\\doobs\\OneDrive\\Documents\\projects\\rare-bird-dashboard\\frontend\\src\\components\\SightingMap.tsx": {"path":"C:\\Users\\doobs\\OneDrive\\Documents\\projects\\rare-bird-dashboard\\frontend\\src\\components\\SightingMap.tsx","statementMap":{"0":{"start":{"line":7,"column":0},"end":{"line":7,"column":null}},"1":{"start":{"line":8,"column":0},"end":{"line":12,"column":null}},"2":{"start":{"line":28,"column":13},"end":{"line":57,"column":null}},"3":{"start":{"line":29,"column":30},"end":{"line":29,"column":96}},"4":{"start":{"line":29,"column":52},"end":{"line":29,"column":96}},"5":{"start":{"line":32,"column":42},"end":{"line":32,"column":51}},"6":{"start":{"line":33,"column":22},"end":{"line":33,"column":null}},"7":{"start":{"line":35,"column":2},"end":{"line":57,"column":null}},"8":{"start":{"line":48,"column":10},"end":{"line":54,"column":null}}},"fnMap":{"0":{"name":"(anonymous_0)","decl":{"start":{"line":28,"column":13},"end":{"line":28,"column":28}},"loc":{"start":{"line":28,"column":64},"end":{"line":57,"column":null}},"line":28},"1":{"name":"(anonymous_1)","decl":{"start":{"line":29,"column":40},"end":{"line":29,"column":47}},"loc":{"start":{"line":29,"column":52},"end":{"line":29,"column":96}},"line":29},"2":{"name":"(anonymous_2)","decl":{"start":{"line":47,"column":29},"end":{"line":47,"column":33}},"loc":{"start":{"line":48,"column":10},"end":{"line":54,"column":null}},"line":48}},"branchMap":{"0":{"loc":{"start":{"line":29,"column":52},"end":{"line":29,"column":96}},"type":"binary-expr","locations":[{"start":{"line":29,"column":52},"end":{"line":29,"column":75}},{"start":{"line":29,"column":75},"end":{"line":29,"column":96}}],"line":29}},"s":{"0":3,"1":3,"2":3,"3":11,"4":15,"5":11,"6":11,"7":11,"8":15},"f":{"0":11,"1":15,"2":15},"b":{"0":[15,15]},"meta":{"lastBranch":1,"lastFunction":3,"lastStatement":9,"seen":{"s:7:0:7:Infinity":0,"s:8:0:12:Infinity":1,"s:28:13:57:Infinity":2,"f:28:13:28:28":0,"s:29:30:29:96":3,"f:29:40:29:47":1,"s:29:52:29:96":4,"b:29:52:29:75:29:75:29:96":0,"s:32:42:32:51":5,"s:33:22:33:Infinity":6,"s:35:2:57:Infinity":7,"f:47:29:47:33":2,"s:48:10:54:Infinity":8}}}
,"C:\\Users\\doobs\\OneDrive\\Documents\\projects\\rare-bird-dashboard\\frontend\\src\\lib\\geo-utils.ts": {"path":"C:\\Users\\doobs\\OneDrive\\Documents\\projects\\rare-bird-dashboard\\frontend\\src\\lib\\geo-utils.ts","statementMap":{"0":{"start":{"line":12,"column":12},"end":{"line":12,"column":null}},"1":{"start":{"line":13,"column":15},"end":{"line":13,"column":35}},"2":{"start":{"line":14,"column":15},"end":{"line":14,"column":35}},"3":{"start":{"line":16,"column":4},"end":{"line":18,"column":43}},"4":{"start":{"line":19,"column":12},"end":{"line":19,"column":58}},"5":{"start":{"line":20,"column":2},"end":{"line":20,"column":null}},"6":{"start":{"line":24,"column":2},"end":{"line":24,"column":null}},"7":{"start":{"line":37,"column":2},"end":{"line":41,"column":null}},"8":{"start":{"line":38,"column":4},"end":{"line":38,"column":null}},"9":{"start":{"line":38,"column":53},"end":{"line":38,"column":null}},"10":{"start":{"line":39,"column":21},"end":{"line":39,"column":81}},"11":{"start":{"line":40,"column":4},"end":{"line":40,"column":null}}},"fnMap":{"0":{"name":"calculateDistance","decl":{"start":{"line":11,"column":16},"end":{"line":11,"column":34}},"loc":{"start":{"line":11,"column":98},"end":{"line":20,"column":null}},"line":11},"1":{"name":"deg2rad","decl":{"start":{"line":23,"column":9},"end":{"line":23,"column":17}},"loc":{"start":{"line":23,"column":38},"end":{"line":24,"column":null}},"line":23},"2":{"name":"filterByProximity","decl":{"start":{"line":31,"column":16},"end":{"line":31,"column":null}},"loc":{"start":{"line":36,"column":7},"end":{"line":41,"column":null}},"line":36},"3":{"name":"(anonymous_3)","decl":{"start":{"line":37,"column":19},"end":{"line":37,"column":26}},"loc":{"start":{"line":37,"column":31},"end":{"line":41,"column":null}},"line":37}},"branchMap":{"0":{"loc":{"start":{"line":38,"column":4},"end":{"line":38,"column":null}},"type":"if","locations":[{"start":{"line":38,"column":4},"end":{"line":38,"column":null}},{"start":{},"end":{}}],"line":38},"1":{"loc":{"start":{"line":38,"column":8},"end":{"line":38,"column":53}},"type":"binary-expr","locations":[{"start":{"line":38,"column":8},"end":{"line":38,"column":31}},{"start":{"line":38,"column":31},"end":{"line":38,"column":53}}],"line":38}},"s":{"0":10,"1":10,"2":10,"3":10,"4":10,"5":10,"6":40,"7":4,"8":10,"9":2,"10":8,"11":8},"f":{"0":10,"1":40,"2":4,"3":10},"b":{"0":[2,8],"1":[10,8]},"meta":{"lastBranch":2,"lastFunction":4,"lastStatement":12,"seen":{"f:11:16:11:34":0,"s:12:12:12:Infinity":0,"s:13:15:13:35":1,"s:14:15:14:35":2,"s:16:4:18:43":3,"s:19:12:19:58":4,"s:20:2:20:Infinity":5,"f:23:9:23:17":1,"s:24:2:24:Infinity":6,"f:31:16:31:Infinity":2,"s:37:2:41:Infinity":7,"f:37:19:37:26":3,"b:38:4:38:Infinity:undefined:undefined:undefined:undefined":0,"s:38:4:38:Infinity":8,"b:38:8:38:31:38:31:38:53":1,"s:38:53:38:Infinity":9,"s:39:21:39:81":10,"s:40:4:40:Infinity":11}}}
}
