{"C:\\Users\\doobs\\OneDrive\\Documents\\projects\\rare-bird-dashboard\\frontend\\src\\components\\Dashboard.tsx": {"path":"C:\\Users\\doobs\\OneDrive\\Documents\\projects\\rare-bird-dashboard\\frontend\\src\\components\\Dashboard.tsx","statementMap":{"0":{"start":{"line":32,"column":6},"end":{"line":194,"column":null}},"1":{"start":{"line":33,"column":20},"end":{"line":33,"column":60}},"2":{"start":{"line":34,"column":18},"end":{"line":34,"column":46}},"3":{"start":{"line":35,"column":16},"end":{"line":35,"column":57}},"4":{"start":{"line":36,"column":26},"end":{"line":36,"column":86}},"5":{"start":{"line":39,"column":17},"end":{"line":39,"column":45}},"6":{"start":{"line":40,"column":23},"end":{"line":40,"column":93}},"7":{"start":{"line":41,"column":19},"end":{"line":41,"column":63}},"8":{"start":{"line":44,"column":27},"end":{"line":44,"column":86}},"9":{"start":{"line":46,"column":2},"end":{"line":67,"column":null}},"10":{"start":{"line":48,"column":4},"end":{"line":60,"column":null}},"11":{"start":{"line":50,"column":8},"end":{"line":50,"column":null}},"12":{"start":{"line":50,"column":21},"end":{"line":50,"column":null}},"13":{"start":{"line":51,"column":8},"end":{"line":51,"column":null}},"14":{"start":{"line":54,"column":8},"end":{"line":54,"column":null}},"15":{"start":{"line":55,"column":8},"end":{"line":55,"column":null}},"16":{"start":{"line":58,"column":8},"end":{"line":58,"column":null}},"17":{"start":{"line":59,"column":8},"end":{"line":59,"column":null}},"18":{"start":{"line":63,"column":4},"end":{"line":66,"column":null}},"19":{"start":{"line":64,"column":21},"end":{"line":64,"column":31}},"20":{"start":{"line":65,"column":22},"end":{"line":65,"column":46}},"21":{"start":{"line":66,"column":22},"end":{"line":66,"column":77}},"22":{"start":{"line":69,"column":8},"end":{"line":91,"column":null}},"23":{"start":{"line":70,"column":4},"end":{"line":91,"column":null}},"24":{"start":{"line":71,"column":6},"end":{"line":73,"column":null}},"25":{"start":{"line":72,"column":8},"end":{"line":72,"column":null}},"26":{"start":{"line":73,"column":8},"end":{"line":73,"column":null}},"27":{"start":{"line":76,"column":6},"end":{"line":89,"column":null}},"28":{"start":{"line":78,"column":10},"end":{"line":81,"column":null}},"29":{"start":{"line":82,"column":10},"end":{"line":82,"column":null}},"30":{"start":{"line":83,"column":10},"end":{"line":83,"column":null}},"31":{"start":{"line":86,"column":10},"end":{"line":86,"column":null}},"32":{"start":{"line":87,"column":10},"end":{"line":87,"column":null}},"33":{"start":{"line":91,"column":6},"end":{"line":91,"column":null}},"34":{"start":{"line":95,"column":8},"end":{"line":104,"column":null}},"35":{"start":{"line":96,"column":4},"end":{"line":104,"column":null}},"36":{"start":{"line":97,"column":6},"end":{"line":102,"column":null}},"37":{"start":{"line":99,"column":8},"end":{"line":99,"column":null}},"38":{"start":{"line":99,"column":31},"end":{"line":99,"column":null}},"39":{"start":{"line":100,"column":8},"end":{"line":100,"column":null}},"40":{"start":{"line":100,"column":34},"end":{"line":100,"column":47}},"41":{"start":{"line":102,"column":8},"end":{"line":102,"column":null}},"42":{"start":{"line":107,"column":8},"end":{"line":110,"column":null}},"43":{"start":{"line":109,"column":19},"end":{"line":109,"column":null}},"44":{"start":{"line":110,"column":4},"end":{"line":110,"column":null}},"45":{"start":{"line":113,"column":29},"end":{"line":118,"column":null}},"46":{"start":{"line":114,"column":19},"end":{"line":114,"column":91}},"47":{"start":{"line":116,"column":6},"end":{"line":116,"column":null}},"48":{"start":{"line":116,"column":36},"end":{"line":116,"column":null}},"49":{"start":{"line":117,"column":6},"end":{"line":117,"column":null}},"50":{"start":{"line":120,"column":2},"end":{"line":120,"column":null}},"51":{"start":{"line":120,"column":15},"end":{"line":120,"column":null}},"52":{"start":{"line":121,"column":2},"end":{"line":121,"column":null}},"53":{"start":{"line":121,"column":13},"end":{"line":121,"column":null}},"54":{"start":{"line":123,"column":2},"end":{"line":194,"column":null}},"55":{"start":{"line":161,"column":10},"end":{"line":189,"column":null}}},"fnMap":{"0":{"name":"(anonymous_0)","decl":{"start":{"line":32,"column":6},"end":{"line":32,"column":34}},"loc":{"start":{"line":32,"column":34},"end":{"line":194,"column":null}},"line":32},"1":{"name":"(anonymous_1)","decl":{"start":{"line":46,"column":2},"end":{"line":46,"column":18}},"loc":{"start":{"line":46,"column":18},"end":{"line":67,"column":7}},"line":46},"2":{"name":"(anonymous_2)","decl":{"start":{"line":49,"column":7},"end":{"line":49,"column":13}},"loc":{"start":{"line":49,"column":21},"end":{"line":52,"column":null}},"line":49},"3":{"name":"(anonymous_3)","decl":{"start":{"line":53,"column":7},"end":{"line":53,"column":13}},"loc":{"start":{"line":53,"column":22},"end":{"line":56,"column":null}},"line":53},"4":{"name":"(anonymous_4)","decl":{"start":{"line":57,"column":7},"end":{"line":57,"column":14}},"loc":{"start":{"line":57,"column":22},"end":{"line":60,"column":null}},"line":57},"5":{"name":"(anonymous_5)","decl":{"start":{"line":64,"column":7},"end":{"line":64,"column":13}},"loc":{"start":{"line":64,"column":21},"end":{"line":64,"column":31}},"line":64},"6":{"name":"(anonymous_6)","decl":{"start":{"line":65,"column":7},"end":{"line":65,"column":13}},"loc":{"start":{"line":65,"column":22},"end":{"line":65,"column":46}},"line":65},"7":{"name":"(anonymous_7)","decl":{"start":{"line":66,"column":7},"end":{"line":66,"column":14}},"loc":{"start":{"line":66,"column":22},"end":{"line":66,"column":77}},"line":66},"8":{"name":"(anonymous_8)","decl":{"start":{"line":69,"column":8},"end":{"line":69,"column":35}},"loc":{"start":{"line":69,"column":35},"end":{"line":91,"column":null}},"line":69},"9":{"name":"(anonymous_9)","decl":{"start":{"line":76,"column":28},"end":{"line":76,"column":null}},"loc":{"start":{"line":77,"column":22},"end":{"line":85,"column":17}},"line":77},"10":{"name":"(anonymous_10)","decl":{"start":{"line":85,"column":9},"end":{"line":85,"column":17}},"loc":{"start":{"line":85,"column":17},"end":{"line":89,"column":null}},"line":85},"11":{"name":"(anonymous_11)","decl":{"start":{"line":95,"column":8},"end":{"line":95,"column":30}},"loc":{"start":{"line":95,"column":53},"end":{"line":104,"column":null}},"line":95},"12":{"name":"(anonymous_12)","decl":{"start":{"line":96,"column":4},"end":{"line":96,"column":25}},"loc":{"start":{"line":96,"column":34},"end":{"line":104,"column":null}},"line":96},"13":{"name":"(anonymous_13)","decl":{"start":{"line":100,"column":20},"end":{"line":100,"column":28}},"loc":{"start":{"line":100,"column":34},"end":{"line":100,"column":47}},"line":100},"14":{"name":"(anonymous_14)","decl":{"start":{"line":107,"column":8},"end":{"line":107,"column":26}},"loc":{"start":{"line":107,"column":49},"end":{"line":110,"column":null}},"line":107},"15":{"name":"(anonymous_15)","decl":{"start":{"line":114,"column":5},"end":{"line":114,"column":13}},"loc":{"start":{"line":114,"column":19},"end":{"line":114,"column":91}},"line":114},"16":{"name":"(anonymous_16)","decl":{"start":{"line":115,"column":5},"end":{"line":115,"column":13}},"loc":{"start":{"line":115,"column":19},"end":{"line":118,"column":null}},"line":115},"17":{"name":"(anonymous_17)","decl":{"start":{"line":160,"column":28},"end":{"line":160,"column":33}},"loc":{"start":{"line":161,"column":10},"end":{"line":189,"column":null}},"line":161}},"branchMap":{"0":{"loc":{"start":{"line":50,"column":8},"end":{"line":50,"column":null}},"type":"if","locations":[{"start":{"line":50,"column":8},"end":{"line":50,"column":null}},{"start":{},"end":{}}],"line":50},"1":{"loc":{"start":{"line":70,"column":4},"end":{"line":91,"column":null}},"type":"if","locations":[{"start":{"line":70,"column":4},"end":{"line":91,"column":null}},{"start":{"line":90,"column":11},"end":{"line":91,"column":null}}],"line":70},"2":{"loc":{"start":{"line":70,"column":8},"end":{"line":70,"column":34}},"type":"binary-expr","locations":[{"start":{"line":70,"column":8},"end":{"line":70,"column":19}},{"start":{"line":70,"column":19},"end":{"line":70,"column":34}}],"line":70},"3":{"loc":{"start":{"line":71,"column":6},"end":{"line":73,"column":null}},"type":"if","locations":[{"start":{"line":71,"column":6},"end":{"line":73,"column":null}},{"start":{},"end":{}}],"line":71},"4":{"loc":{"start":{"line":97,"column":6},"end":{"line":102,"column":null}},"type":"if","locations":[{"start":{"line":97,"column":6},"end":{"line":102,"column":null}},{"start":{"line":101,"column":13},"end":{"line":102,"column":null}}],"line":97},"5":{"loc":{"start":{"line":99,"column":8},"end":{"line":99,"column":null}},"type":"if","locations":[{"start":{"line":99,"column":8},"end":{"line":99,"column":null}},{"start":{},"end":{}}],"line":99},"6":{"loc":{"start":{"line":109,"column":19},"end":{"line":109,"column":null}},"type":"cond-expr","locations":[{"start":{"line":109,"column":43},"end":{"line":109,"column":47}},{"start":{"line":109,"column":47},"end":{"line":109,"column":null}}],"line":109},"7":{"loc":{"start":{"line":114,"column":46},"end":{"line":114,"column":91}},"type":"cond-expr","locations":[{"start":{"line":114,"column":63},"end":{"line":114,"column":67}},{"start":{"line":114,"column":67},"end":{"line":114,"column":91}}],"line":114},"8":{"loc":{"start":{"line":116,"column":6},"end":{"line":116,"column":null}},"type":"if","locations":[{"start":{"line":116,"column":6},"end":{"line":116,"column":null}},{"start":{},"end":{}}],"line":116},"9":{"loc":{"start":{"line":116,"column":10},"end":{"line":116,"column":36}},"type":"binary-expr","locations":[{"start":{"line":116,"column":10},"end":{"line":116,"column":21}},{"start":{"line":116,"column":21},"end":{"line":116,"column":36}}],"line":116},"10":{"loc":{"start":{"line":120,"column":2},"end":{"line":120,"column":null}},"type":"if","locations":[{"start":{"line":120,"column":2},"end":{"line":120,"column":null}},{"start":{},"end":{}}],"line":120},"11":{"loc":{"start":{"line":121,"column":2},"end":{"line":121,"column":null}},"type":"if","locations":[{"start":{"line":121,"column":2},"end":{"line":121,"column":null}},{"start":{},"end":{}}],"line":121},"12":{"loc":{"start":{"line":128,"column":11},"end":{"line":137,"column":null}},"type":"binary-expr","locations":[{"start":{"line":128,"column":11},"end":{"line":128,"column":null}},{"start":{"line":129,"column":12},"end":{"line":137,"column":null}}],"line":128},"13":{"loc":{"start":{"line":134,"column":15},"end":{"line":137,"column":null}},"type":"binary-expr","locations":[{"start":{"line":134,"column":15},"end":{"line":134,"column":null}},{"start":{"line":135,"column":16},"end":{"line":137,"column":null}}],"line":134},"14":{"loc":{"start":{"line":148,"column":37},"end":{"line":148,"column":null}},"type":"cond-expr","locations":[{"start":{"line":148,"column":46},"end":{"line":148,"column":57}},{"start":{"line":148,"column":57},"end":{"line":148,"column":null}}],"line":148},"15":{"loc":{"start":{"line":151,"column":13},"end":{"line":151,"column":null}},"type":"cond-expr","locations":[{"start":{"line":151,"column":22},"end":{"line":151,"column":49}},{"start":{"line":151,"column":49},"end":{"line":151,"column":null}}],"line":151},"16":{"loc":{"start":{"line":153,"column":11},"end":{"line":153,"column":null}},"type":"binary-expr","locations":[{"start":{"line":153,"column":11},"end":{"line":153,"column":23}},{"start":{"line":153,"column":23},"end":{"line":153,"column":null}}],"line":153},"17":{"loc":{"start":{"line":167,"column":15},"end":{"line":168,"column":null}},"type":"binary-expr","locations":[{"start":{"line":167,"column":15},"end":{"line":167,"column":34}},{"start":{"line":167,"column":34},"end":{"line":167,"column":null}},{"start":{"line":168,"column":16},"end":{"line":168,"column":null}}],"line":167},"18":{"loc":{"start":{"line":180,"column":13},"end":{"line":181,"column":null}},"type":"binary-expr","locations":[{"start":{"line":180,"column":13},"end":{"line":180,"column":null}},{"start":{"line":181,"column":14},"end":{"line":181,"column":null}}],"line":180},"19":{"loc":{"start":{"line":185,"column":15},"end":{"line":185,"column":null}},"type":"binary-expr","locations":[{"start":{"line":185,"column":15},"end":{"line":185,"column":34}},{"start":{"line":185,"column":34},"end":{"line":185,"column":null}}],"line":185},"20":{"loc":{"start":{"line":186,"column":15},"end":{"line":186,"column":null}},"type":"binary-expr","locations":[{"start":{"line":186,"column":15},"end":{"line":186,"column":40}},{"start":{"line":186,"column":40},"end":{"line":186,"column":null}}],"line":186},"21":{"loc":{"start":{"line":191,"column":9},"end":{"line":194,"column":null}},"type":"binary-expr","locations":[{"start":{"line":191,"column":9},"end":{"line":191,"column":null}},{"start":{"line":192,"column":10},"end":{"line":194,"column":null}}],"line":191},"22":{"loc":{"start":{"line":193,"column":13},"end":{"line":193,"column":null}},"type":"cond-expr","locations":[{"start":{"line":193,"column":22},"end":{"line":193,"column":79}},{"start":{"line":193,"column":79},"end":{"line":193,"column":null}}],"line":193}},"s":{"0":1,"1":30,"2":30,"3":30,"4":30,"5":30,"6":30,"7":30,"8":30,"9":30,"10":10,"11":9,"12":0,"13":9,"14":9,"15":9,"16":1,"17":1,"18":10,"19":10,"20":10,"21":0,"22":30,"23":4,"24":4,"25":1,"26":1,"27":3,"28":2,"29":2,"30":2,"31":1,"32":1,"33":0,"34":30,"35":6,"36":6,"37":5,"38":1,"39":4,"40":14,"41":1,"42":30,"43":35,"44":35,"45":30,"46":43,"47":38,"48":34,"49":4,"50":30,"51":10,"52":20,"53":20,"54":19,"55":35},"f":{"0":30,"1":10,"2":9,"3":9,"4":1,"5":10,"6":10,"7":0,"8":4,"9":2,"10":1,"11":6,"12":6,"13":14,"14":35,"15":43,"16":38,"17":35},"b":{"0":[0,9],"1":[4,0],"2":[4,4],"3":[1,3],"4":[5,1],"5":[1,4],"6":[0,35],"7":[0,43],"8":[34,4],"9":[38,4],"10":[10,20],"11":[1,19],"12":[19,2],"13":[2,1],"14":[2,17],"15":[2,17],"16":[30,2],"17":[35,1,1],"18":[35,0],"19":[35,0],"20":[35,0],"21":[30,1],"22":[1,0]},"meta":{"lastBranch":23,"lastFunction":18,"lastStatement":56,"seen":{"s:32:6:194:Infinity":0,"f:32:6:32:34":0,"s:33:20:33:60":1,"s:34:18:34:46":2,"s:35:16:35:57":3,"s:36:26:36:86":4,"s:39:17:39:45":5,"s:40:23:40:93":6,"s:41:19:41:63":7,"s:44:27:44:86":8,"s:46:2:67:Infinity":9,"f:46:2:46:18":1,"s:48:4:60:Infinity":10,"f:49:7:49:13":2,"b:50:8:50:Infinity:undefined:undefined:undefined:undefined":0,"s:50:8:50:Infinity":11,"s:50:21:50:Infinity":12,"s:51:8:51:Infinity":13,"f:53:7:53:13":3,"s:54:8:54:Infinity":14,"s:55:8:55:Infinity":15,"f:57:7:57:14":4,"s:58:8:58:Infinity":16,"s:59:8:59:Infinity":17,"s:63:4:66:Infinity":18,"f:64:7:64:13":5,"s:64:21:64:31":19,"f:65:7:65:13":6,"s:65:22:65:46":20,"f:66:7:66:14":7,"s:66:22:66:77":21,"s:69:8:91:Infinity":22,"f:69:8:69:35":8,"b:70:4:91:Infinity:90:11:91:Infinity":1,"s:70:4:91:Infinity":23,"b:70:8:70:19:70:19:70:34":2,"b:71:6:73:Infinity:undefined:undefined:undefined:undefined":3,"s:71:6:73:Infinity":24,"s:72:8:72:Infinity":25,"s:73:8:73:Infinity":26,"s:76:6:89:Infinity":27,"f:76:28:76:Infinity":9,"s:78:10:81:Infinity":28,"s:82:10:82:Infinity":29,"s:83:10:83:Infinity":30,"f:85:9:85:17":10,"s:86:10:86:Infinity":31,"s:87:10:87:Infinity":32,"s:91:6:91:Infinity":33,"s:95:8:104:Infinity":34,"f:95:8:95:30":11,"s:96:4:104:Infinity":35,"f:96:4:96:25":12,"b:97:6:102:Infinity:101:13:102:Infinity":4,"s:97:6:102:Infinity":36,"b:99:8:99:Infinity:undefined:undefined:undefined:undefined":5,"s:99:8:99:Infinity":37,"s:99:31:99:Infinity":38,"s:100:8:100:Infinity":39,"f:100:20:100:28":13,"s:100:34:100:47":40,"s:102:8:102:Infinity":41,"s:107:8:110:Infinity":42,"f:107:8:107:26":14,"s:109:19:109:Infinity":43,"b:109:43:109:47:109:47:109:Infinity":6,"s:110:4:110:Infinity":44,"s:113:29:118:Infinity":45,"f:114:5:114:13":15,"s:114:19:114:91":46,"b:114:63:114:67:114:67:114:91":7,"f:115:5:115:13":16,"b:116:6:116:Infinity:undefined:undefined:undefined:undefined":8,"s:116:6:116:Infinity":47,"b:116:10:116:21:116:21:116:36":9,"s:116:36:116:Infinity":48,"s:117:6:117:Infinity":49,"b:120:2:120:Infinity:undefined:undefined:undefined:undefined":10,"s:120:2:120:Infinity":50,"s:120:15:120:Infinity":51,"b:121:2:121:Infinity:undefined:undefined:undefined:undefined":11,"s:121:2:121:Infinity":52,"s:121:13:121:Infinity":53,"s:123:2:194:Infinity":54,"b:128:11:128:Infinity:129:12:137:Infinity":12,"b:134:15:134:Infinity:135:16:137:Infinity":13,"b:148:46:148:57:148:57:148:Infinity":14,"b:151:22:151:49:151:49:151:Infinity":15,"b:153:11:153:23:153:23:153:Infinity":16,"f:160:28:160:33":17,"s:161:10:189:Infinity":55,"b:167:15:167:34:167:34:167:Infinity:168:16:168:Infinity":17,"b:180:13:180:Infinity:181:14:181:Infinity":18,"b:185:15:185:34:185:34:185:Infinity":19,"b:186:15:186:40:186:40:186:Infinity":20,"b:191:9:191:Infinity:192:10:194:Infinity":21,"b:193:22:193:79:193:79:193:Infinity":22}}}
,"C:\\Users\\doobs\\OneDrive\\Documents\\projects\\rare-bird-dashboard\\frontend\\src\\components\\RarityFilter.tsx": {"path":"C:\\Users\\doobs\\OneDrive\\Documents\\projects\\rare-bird-dashboard\\frontend\\src\\components\\RarityFilter.tsx","statementMap":{"0":{"start":{"line":18,"column":13},"end":{"line":73,"column":null}},"1":{"start":{"line":19,"column":19},"end":{"line":19,"column":67}},"2":{"start":{"line":20,"column":30},"end":{"line":20,"column":null}},"3":{"start":{"line":22,"column":2},"end":{"line":28,"column":null}},"4":{"start":{"line":23,"column":10},"end":{"line":24,"column":null}},"5":{"start":{"line":24,"column":6},"end":{"line":24,"column":null}},"6":{"start":{"line":26,"column":4},"end":{"line":26,"column":null}},"7":{"start":{"line":27,"column":4},"end":{"line":27,"column":null}},"8":{"start":{"line":27,"column":17},"end":{"line":27,"column":67}},"9":{"start":{"line":30,"column":2},"end":{"line":52,"column":null}},"10":{"start":{"line":31,"column":4},"end":{"line":52,"column":null}},"11":{"start":{"line":39,"column":14},"end":{"line":48,"column":null}},"12":{"start":{"line":41,"column":33},"end":{"line":41,"column":53}},"13":{"start":{"line":56,"column":2},"end":{"line":73,"column":null}},"14":{"start":{"line":63,"column":8},"end":{"line":71,"column":null}},"15":{"start":{"line":65,"column":25},"end":{"line":65,"column":45}}},"fnMap":{"0":{"name":"(anonymous_0)","decl":{"start":{"line":18,"column":13},"end":{"line":18,"column":58}},"loc":{"start":{"line":18,"column":99},"end":{"line":73,"column":null}},"line":18},"1":{"name":"(anonymous_1)","decl":{"start":{"line":22,"column":2},"end":{"line":22,"column":18}},"loc":{"start":{"line":22,"column":18},"end":{"line":28,"column":7}},"line":22},"2":{"name":"(anonymous_2)","decl":{"start":{"line":23,"column":10},"end":{"line":23,"column":31}},"loc":{"start":{"line":23,"column":31},"end":{"line":24,"column":null}},"line":23},"3":{"name":"(anonymous_3)","decl":{"start":{"line":27,"column":4},"end":{"line":27,"column":17}},"loc":{"start":{"line":27,"column":17},"end":{"line":27,"column":67}},"line":27},"4":{"name":"(anonymous_4)","decl":{"start":{"line":38,"column":19},"end":{"line":38,"column":24}},"loc":{"start":{"line":39,"column":14},"end":{"line":48,"column":null}},"line":39},"5":{"name":"(anonymous_5)","decl":{"start":{"line":41,"column":18},"end":{"line":41,"column":33}},"loc":{"start":{"line":41,"column":33},"end":{"line":41,"column":53}},"line":41},"6":{"name":"(anonymous_6)","decl":{"start":{"line":62,"column":13},"end":{"line":62,"column":18}},"loc":{"start":{"line":63,"column":8},"end":{"line":71,"column":null}},"line":63},"7":{"name":"(anonymous_7)","decl":{"start":{"line":65,"column":10},"end":{"line":65,"column":25}},"loc":{"start":{"line":65,"column":25},"end":{"line":65,"column":45}},"line":65}},"branchMap":{"0":{"loc":{"start":{"line":30,"column":2},"end":{"line":52,"column":null}},"type":"if","locations":[{"start":{"line":30,"column":2},"end":{"line":52,"column":null}},{"start":{},"end":{}}],"line":30},"1":{"loc":{"start":{"line":42,"column":46},"end":{"line":42,"column":94}},"type":"cond-expr","locations":[{"start":{"line":42,"column":80},"end":{"line":42,"column":91}},{"start":{"line":42,"column":91},"end":{"line":42,"column":94}}],"line":42},"2":{"loc":{"start":{"line":42,"column":97},"end":{"line":42,"column":null}},"type":"cond-expr","locations":[{"start":{"line":42,"column":164},"end":{"line":42,"column":180}},{"start":{"line":42,"column":180},"end":{"line":42,"column":null}}],"line":42},"3":{"loc":{"start":{"line":42,"column":97},"end":{"line":42,"column":161}},"type":"binary-expr","locations":[{"start":{"line":42,"column":97},"end":{"line":42,"column":130}},{"start":{"line":42,"column":130},"end":{"line":42,"column":161}}],"line":42},"4":{"loc":{"start":{"line":67,"column":35},"end":{"line":67,"column":83}},"type":"cond-expr","locations":[{"start":{"line":67,"column":69},"end":{"line":67,"column":80}},{"start":{"line":67,"column":80},"end":{"line":67,"column":83}}],"line":67},"5":{"loc":{"start":{"line":67,"column":86},"end":{"line":67,"column":null}},"type":"cond-expr","locations":[{"start":{"line":67,"column":153},"end":{"line":67,"column":169}},{"start":{"line":67,"column":169},"end":{"line":67,"column":null}}],"line":67},"6":{"loc":{"start":{"line":67,"column":86},"end":{"line":67,"column":150}},"type":"binary-expr","locations":[{"start":{"line":67,"column":86},"end":{"line":67,"column":119}},{"start":{"line":67,"column":119},"end":{"line":67,"column":150}}],"line":67}},"s":{"0":2,"1":26,"2":26,"3":26,"4":17,"5":0,"6":17,"7":17,"8":17,"9":26,"10":2,"11":12,"12":1,"13":24,"14":144,"15":7},"f":{"0":26,"1":17,"2":0,"3":17,"4":12,"5":1,"6":144,"7":7},"b":{"0":[2,24],"1":[8,4],"2":[0,12],"3":[12,0],"4":[88,56],"5":[2,142],"6":[144,12]},"meta":{"lastBranch":7,"lastFunction":8,"lastStatement":16,"seen":{"s:18:13:73:Infinity":0,"f:18:13:18:58":0,"s:19:19:19:67":1,"s:20:30:20:Infinity":2,"s:22:2:28:Infinity":3,"f:22:2:22:18":1,"s:23:10:24:Infinity":4,"f:23:10:23:31":2,"s:24:6:24:Infinity":5,"s:26:4:26:Infinity":6,"s:27:4:27:Infinity":7,"f:27:4:27:17":3,"s:27:17:27:67":8,"b:30:2:52:Infinity:undefined:undefined:undefined:undefined":0,"s:30:2:52:Infinity":9,"s:31:4:52:Infinity":10,"f:38:19:38:24":4,"s:39:14:48:Infinity":11,"f:41:18:41:33":5,"s:41:33:41:53":12,"b:42:80:42:91:42:91:42:94":1,"b:42:164:42:180:42:180:42:Infinity":2,"b:42:97:42:130:42:130:42:161":3,"s:56:2:73:Infinity":13,"f:62:13:62:18":6,"s:63:8:71:Infinity":14,"f:65:10:65:25":7,"s:65:25:65:45":15,"b:67:69:67:80:67:80:67:83":4,"b:67:153:67:169:67:169:67:Infinity":5,"b:67:86:67:119:67:119:67:150":6}}}
,"C:\\Users\\doobs\\OneDrive\\Documents\\projects\\rare-bird-dashboard\\frontend\\src\\components\\SightingMap.tsx": {"path":"C:\\Users\\doobs\\OneDrive\\Documents\\projects\\rare-bird-dashboard\\frontend\\src\\components\\SightingMap.tsx","statementMap":{"0":{"start":{"line":7,"column":0},"end":{"line":7,"column":null}},"1":{"start":{"line":8,"column":0},"end":{"line":12,"column":null}},"2":{"start":{"line":28,"column":13},"end":{"line":57,"column":null}},"3":{"start":{"line":29,"column":30},"end":{"line":29,"column":96}},"4":{"start":{"line":29,"column":52},"end":{"line":29,"column":96}},"5":{"start":{"line":32,"column":42},"end":{"line":32,"column":51}},"6":{"start":{"line":33,"column":22},"end":{"line":33,"column":null}},"7":{"start":{"line":35,"column":2},"end":{"line":57,"column":null}},"8":{"start":{"line":48,"column":10},"end":{"line":54,"column":null}}},"fnMap":{"0":{"name":"(anonymous_0)","decl":{"start":{"line":28,"column":13},"end":{"line":28,"column":28}},"loc":{"start":{"line":28,"column":64},"end":{"line":57,"column":null}},"line":28},"1":{"name":"(anonymous_1)","decl":{"start":{"line":29,"column":40},"end":{"line":29,"column":47}},"loc":{"start":{"line":29,"column":52},"end":{"line":29,"column":96}},"line":29},"2":{"name":"(anonymous_2)","decl":{"start":{"line":47,"column":29},"end":{"line":47,"column":33}},"loc":{"start":{"line":48,"column":10},"end":{"line":54,"column":null}},"line":48}},"branchMap":{"0":{"loc":{"start":{"line":29,"column":52},"end":{"line":29,"column":96}},"type":"binary-expr","locations":[{"start":{"line":29,"column":52},"end":{"line":29,"column":75}},{"start":{"line":29,"column":75},"end":{"line":29,"column":96}}],"line":29}},"s":{"0":1,"1":1,"2":1,"3":18,"4":33,"5":18,"6":18,"7":18,"8":33},"f":{"0":18,"1":33,"2":33},"b":{"0":[33,33]},"meta":{"lastBranch":1,"lastFunction":3,"lastStatement":9,"seen":{"s:7:0:7:Infinity":0,"s:8:0:12:Infinity":1,"s:28:13:57:Infinity":2,"f:28:13:28:28":0,"s:29:30:29:96":3,"f:29:40:29:47":1,"s:29:52:29:96":4,"b:29:52:29:75:29:75:29:96":0,"s:32:42:32:51":5,"s:33:22:33:Infinity":6,"s:35:2:57:Infinity":7,"f:47:29:47:33":2,"s:48:10:54:Infinity":8}}}
,"C:\\Users\\doobs\\OneDrive\\Documents\\projects\\rare-bird-dashboard\\frontend\\src\\lib\\geo-utils.ts": {"path":"C:\\Users\\doobs\\OneDrive\\Documents\\projects\\rare-bird-dashboard\\frontend\\src\\lib\\geo-utils.ts","statementMap":{"0":{"start":{"line":12,"column":12},"end":{"line":12,"column":null}},"1":{"start":{"line":13,"column":15},"end":{"line":13,"column":35}},"2":{"start":{"line":14,"column":15},"end":{"line":14,"column":35}},"3":{"start":{"line":16,"column":4},"end":{"line":18,"column":43}},"4":{"start":{"line":19,"column":12},"end":{"line":19,"column":58}},"5":{"start":{"line":20,"column":2},"end":{"line":20,"column":null}},"6":{"start":{"line":24,"column":2},"end":{"line":24,"column":null}},"7":{"start":{"line":37,"column":2},"end":{"line":41,"column":null}},"8":{"start":{"line":38,"column":4},"end":{"line":38,"column":null}},"9":{"start":{"line":38,"column":53},"end":{"line":38,"column":null}},"10":{"start":{"line":39,"column":21},"end":{"line":39,"column":81}},"11":{"start":{"line":40,"column":4},"end":{"line":40,"column":null}}},"fnMap":{"0":{"name":"calculateDistance","decl":{"start":{"line":11,"column":16},"end":{"line":11,"column":34}},"loc":{"start":{"line":11,"column":98},"end":{"line":20,"column":null}},"line":11},"1":{"name":"deg2rad","decl":{"start":{"line":23,"column":9},"end":{"line":23,"column":17}},"loc":{"start":{"line":23,"column":38},"end":{"line":24,"column":null}},"line":23},"2":{"name":"filterByProximity","decl":{"start":{"line":31,"column":16},"end":{"line":31,"column":null}},"loc":{"start":{"line":36,"column":7},"end":{"line":41,"column":null}},"line":36},"3":{"name":"(anonymous_3)","decl":{"start":{"line":37,"column":19},"end":{"line":37,"column":26}},"loc":{"start":{"line":37,"column":31},"end":{"line":41,"column":null}},"line":37}},"branchMap":{"0":{"loc":{"start":{"line":38,"column":4},"end":{"line":38,"column":null}},"type":"if","locations":[{"start":{"line":38,"column":4},"end":{"line":38,"column":null}},{"start":{},"end":{}}],"line":38},"1":{"loc":{"start":{"line":38,"column":8},"end":{"line":38,"column":53}},"type":"binary-expr","locations":[{"start":{"line":38,"column":8},"end":{"line":38,"column":31}},{"start":{"line":38,"column":31},"end":{"line":38,"column":53}}],"line":38}},"s":{"0":4,"1":4,"2":4,"3":4,"4":4,"5":4,"6":16,"7":4,"8":4,"9":0,"10":4,"11":4},"f":{"0":4,"1":16,"2":4,"3":4},"b":{"0":[0,4],"1":[4,4]},"meta":{"lastBranch":2,"lastFunction":4,"lastStatement":12,"seen":{"f:11:16:11:34":0,"s:12:12:12:Infinity":0,"s:13:15:13:35":1,"s:14:15:14:35":2,"s:16:4:18:43":3,"s:19:12:19:58":4,"s:20:2:20:Infinity":5,"f:23:9:23:17":1,"s:24:2:24:Infinity":6,"f:31:16:31:Infinity":2,"s:37:2:41:Infinity":7,"f:37:19:37:26":3,"b:38:4:38:Infinity:undefined:undefined:undefined:undefined":0,"s:38:4:38:Infinity":8,"b:38:8:38:31:38:31:38:53":1,"s:38:53:38:Infinity":9,"s:39:21:39:81":10,"s:40:4:40:Infinity":11}}}
,"C:\\Users\\doobs\\OneDrive\\Documents\\projects\\rare-bird-dashboard\\frontend\\src\\lib\\rarity-utils.ts": {"path":"C:\\Users\\doobs\\OneDrive\\Documents\\projects\\rare-bird-dashboard\\frontend\\src\\lib\\rarity-utils.ts","statementMap":{"0":{"start":{"line":1,"column":56},"end":{"line":8,"column":null}},"1":{"start":{"line":10,"column":36},"end":{"line":10,"column":null}},"2":{"start":{"line":12,"column":13},"end":{"line":13,"column":null}},"3":{"start":{"line":13,"column":2},"end":{"line":13,"column":null}}},"fnMap":{"0":{"name":"(anonymous_0)","decl":{"start":{"line":12,"column":13},"end":{"line":12,"column":31}},"loc":{"start":{"line":12,"column":58},"end":{"line":13,"column":null}},"line":12}},"branchMap":{"0":{"loc":{"start":{"line":13,"column":9},"end":{"line":13,"column":null}},"type":"binary-expr","locations":[{"start":{"line":13,"column":9},"end":{"line":13,"column":37}},{"start":{"line":13,"column":37},"end":{"line":13,"column":null}}],"line":13}},"s":{"0":2,"1":2,"2":2,"3":35},"f":{"0":35},"b":{"0":[35,0]},"meta":{"lastBranch":1,"lastFunction":1,"lastStatement":4,"seen":{"s:1:56:8:Infinity":0,"s:10:36:10:Infinity":1,"s:12:13:13:Infinity":2,"f:12:13:12:31":0,"s:13:2:13:Infinity":3,"b:13:9:13:37:13:37:13:Infinity":0}}}
}
