{"C:\\Users\\doobs\\OneDrive\\Documents\\projects\\rare-bird-dashboard\\backend\\src\\index.ts": {"path":"C:\\Users\\doobs\\OneDrive\\Documents\\projects\\rare-bird-dashboard\\backend\\src\\index.ts","statementMap":{"0":{"start":{"line":6,"column":6},"end":{"line":6,"column":21}},"1":{"start":{"line":7,"column":13},"end":{"line":7,"column":null}},"2":{"start":{"line":9,"column":0},"end":{"line":9,"column":null}},"3":{"start":{"line":11,"column":0},"end":{"line":13,"column":null}},"4":{"start":{"line":12,"column":2},"end":{"line":12,"column":null}},"5":{"start":{"line":15,"column":0},"end":{"line":61,"column":null}},"6":{"start":{"line":16,"column":2},"end":{"line":59,"column":null}},"7":{"start":{"line":17,"column":22},"end":{"line":19,"column":6}},"8":{"start":{"line":23,"column":46},"end":{"line":23,"column":48}},"9":{"start":{"line":24,"column":4},"end":{"line":27,"column":null}},"10":{"start":{"line":25,"column":18},"end":{"line":25,"column":null}},"11":{"start":{"line":26,"column":6},"end":{"line":26,"column":null}},"12":{"start":{"line":26,"column":25},"end":{"line":26,"column":null}},"13":{"start":{"line":27,"column":6},"end":{"line":27,"column":null}},"14":{"start":{"line":31,"column":49},"end":{"line":31,"column":51}},"15":{"start":{"line":32,"column":4},"end":{"line":33,"column":null}},"16":{"start":{"line":33,"column":6},"end":{"line":33,"column":null}},"17":{"start":{"line":36,"column":33},"end":{"line":55,"column":null}},"18":{"start":{"line":37,"column":18},"end":{"line":37,"column":null}},"19":{"start":{"line":38,"column":20},"end":{"line":38,"column":null}},"20":{"start":{"line":39,"column":25},"end":{"line":39,"column":null}},"21":{"start":{"line":41,"column":19},"end":{"line":41,"column":null}},"22":{"start":{"line":42,"column":24},"end":{"line":42,"column":44}},"23":{"start":{"line":44,"column":6},"end":{"line":50,"column":null}},"24":{"start":{"line":45,"column":24},"end":{"line":45,"column":null}},"25":{"start":{"line":46,"column":8},"end":{"line":50,"column":null}},"26":{"start":{"line":47,"column":10},"end":{"line":47,"column":null}},"27":{"start":{"line":48,"column":10},"end":{"line":48,"column":null}},"28":{"start":{"line":50,"column":10},"end":{"line":50,"column":null}},"29":{"start":{"line":54,"column":6},"end":{"line":54,"column":null}},"30":{"start":{"line":57,"column":4},"end":{"line":57,"column":null}},"31":{"start":{"line":59,"column":4},"end":{"line":59,"column":null}},"32":{"start":{"line":63,"column":0},"end":{"line":66,"column":null}},"33":{"start":{"line":64,"column":2},"end":{"line":66,"column":null}},"34":{"start":{"line":65,"column":4},"end":{"line":65,"column":null}}},"fnMap":{"0":{"name":"(anonymous_0)","decl":{"start":{"line":11,"column":8},"end":{"line":11,"column":24}},"loc":{"start":{"line":11,"column":56},"end":{"line":13,"column":null}},"line":11},"1":{"name":"(anonymous_1)","decl":{"start":{"line":15,"column":26},"end":{"line":15,"column":33}},"loc":{"start":{"line":15,"column":65},"end":{"line":61,"column":null}},"line":15},"2":{"name":"(anonymous_2)","decl":{"start":{"line":36,"column":43},"end":{"line":36,"column":47}},"loc":{"start":{"line":36,"column":52},"end":{"line":55,"column":null}},"line":36},"3":{"name":"(anonymous_3)","decl":{"start":{"line":64,"column":13},"end":{"line":64,"column":25}},"loc":{"start":{"line":64,"column":25},"end":{"line":66,"column":null}},"line":64}},"branchMap":{"0":{"loc":{"start":{"line":7,"column":13},"end":{"line":7,"column":null}},"type":"binary-expr","locations":[{"start":{"line":7,"column":13},"end":{"line":7,"column":33}},{"start":{"line":7,"column":33},"end":{"line":7,"column":null}}],"line":7},"1":{"loc":{"start":{"line":26,"column":6},"end":{"line":26,"column":null}},"type":"if","locations":[{"start":{"line":26,"column":6},"end":{"line":26,"column":null}},{"start":{},"end":{}}],"line":26},"2":{"loc":{"start":{"line":46,"column":8},"end":{"line":50,"column":null}},"type":"if","locations":[{"start":{"line":46,"column":8},"end":{"line":50,"column":null}},{"start":{"line":49,"column":15},"end":{"line":50,"column":null}}],"line":46},"3":{"loc":{"start":{"line":63,"column":0},"end":{"line":66,"column":null}},"type":"if","locations":[{"start":{"line":63,"column":0},"end":{"line":66,"column":null}},{"start":{},"end":{}}],"line":63}},"s":{"0":1,"1":1,"2":1,"3":1,"4":1,"5":1,"6":1,"7":1,"8":1,"9":1,"10":2,"11":2,"12":2,"13":2,"14":1,"15":1,"16":2,"17":1,"18":2,"19":2,"20":2,"21":2,"22":2,"23":2,"24":4,"25":4,"26":2,"27":2,"28":2,"29":2,"30":1,"31":0,"32":1,"33":0,"34":0},"f":{"0":1,"1":1,"2":2,"3":0},"b":{"0":[1,1],"1":[2,0],"2":[2,2],"3":[0,1]},"meta":{"lastBranch":4,"lastFunction":4,"lastStatement":35,"seen":{"s:6:6:6:21":0,"s:7:13:7:Infinity":1,"b:7:13:7:33:7:33:7:Infinity":0,"s:9:0:9:Infinity":2,"s:11:0:13:Infinity":3,"f:11:8:11:24":0,"s:12:2:12:Infinity":4,"s:15:0:61:Infinity":5,"f:15:26:15:33":1,"s:16:2:59:Infinity":6,"s:17:22:19:6":7,"s:23:46:23:48":8,"s:24:4:27:Infinity":9,"s:25:18:25:Infinity":10,"b:26:6:26:Infinity:undefined:undefined:undefined:undefined":1,"s:26:6:26:Infinity":11,"s:26:25:26:Infinity":12,"s:27:6:27:Infinity":13,"s:31:49:31:51":14,"s:32:4:33:Infinity":15,"s:33:6:33:Infinity":16,"s:36:33:55:Infinity":17,"f:36:43:36:47":2,"s:37:18:37:Infinity":18,"s:38:20:38:Infinity":19,"s:39:25:39:Infinity":20,"s:41:19:41:Infinity":21,"s:42:24:42:44":22,"s:44:6:50:Infinity":23,"s:45:24:45:Infinity":24,"b:46:8:50:Infinity:49:15:50:Infinity":2,"s:46:8:50:Infinity":25,"s:47:10:47:Infinity":26,"s:48:10:48:Infinity":27,"s:50:10:50:Infinity":28,"s:54:6:54:Infinity":29,"s:57:4:57:Infinity":30,"s:59:4:59:Infinity":31,"b:63:0:66:Infinity:undefined:undefined:undefined:undefined":3,"s:63:0:66:Infinity":32,"s:64:2:66:Infinity":33,"f:64:13:64:25":3,"s:65:4:65:Infinity":34}}}
,"C:\\Users\\doobs\\OneDrive\\Documents\\projects\\rare-bird-dashboard\\backend\\src\\lib\\db.ts": {"path":"C:\\Users\\doobs\\OneDrive\\Documents\\projects\\rare-bird-dashboard\\backend\\src\\lib\\db.ts","statementMap":{"0":{"start":{"line":4,"column":25},"end":{"line":4,"column":null}},"1":{"start":{"line":6,"column":16},"end":{"line":6,"column":66}},"2":{"start":{"line":7,"column":15},"end":{"line":7,"column":44}}},"fnMap":{},"branchMap":{"0":{"loc":{"start":{"line":4,"column":25},"end":{"line":4,"column":null}},"type":"binary-expr","locations":[{"start":{"line":4,"column":25},"end":{"line":4,"column":53}},{"start":{"line":4,"column":53},"end":{"line":4,"column":null}}],"line":4}},"s":{"0":2,"1":2,"2":2},"f":{},"b":{"0":[2,2]},"meta":{"lastBranch":1,"lastFunction":0,"lastStatement":3,"seen":{"s:4:25:4:Infinity":0,"b:4:25:4:53:4:53:4:Infinity":0,"s:6:16:6:66":1,"s:7:15:7:44":2}}}
,"C:\\Users\\doobs\\OneDrive\\Documents\\projects\\rare-bird-dashboard\\backend\\src\\lib\\ebird-client.ts": {"path":"C:\\Users\\doobs\\OneDrive\\Documents\\projects\\rare-bird-dashboard\\backend\\src\\lib\\ebird-client.ts","statementMap":{"0":{"start":{"line":33,"column":20},"end":{"line":33,"column":null}},"1":{"start":{"line":35,"column":22},"end":{"line":35,"column":38}},"2":{"start":{"line":38,"column":16},"end":{"line":38,"column":49}},"3":{"start":{"line":39,"column":4},"end":{"line":41,"column":null}},"4":{"start":{"line":40,"column":6},"end":{"line":40,"column":null}},"5":{"start":{"line":43,"column":21},"end":{"line":47,"column":6}},"6":{"start":{"line":49,"column":4},"end":{"line":51,"column":null}},"7":{"start":{"line":50,"column":24},"end":{"line":50,"column":45}},"8":{"start":{"line":51,"column":6},"end":{"line":51,"column":null}},"9":{"start":{"line":54,"column":4},"end":{"line":54,"column":null}},"10":{"start":{"line":58,"column":4},"end":{"line":62,"column":null}},"11":{"start":{"line":66,"column":4},"end":{"line":73,"column":null}},"12":{"start":{"line":77,"column":4},"end":{"line":77,"column":null}},"13":{"start":{"line":81,"column":4},"end":{"line":81,"column":null}}},"fnMap":{"0":{"name":"(anonymous_0)","decl":{"start":{"line":35,"column":2},"end":{"line":35,"column":14}},"loc":{"start":{"line":35,"column":38},"end":{"line":35,"column":38}},"line":35},"1":{"name":"(anonymous_1)","decl":{"start":{"line":37,"column":16},"end":{"line":37,"column":20}},"loc":{"start":{"line":37,"column":90},"end":{"line":54,"column":null}},"line":37},"2":{"name":"(anonymous_2)","decl":{"start":{"line":39,"column":27},"end":{"line":39,"column":36}},"loc":{"start":{"line":39,"column":53},"end":{"line":41,"column":null}},"line":39},"3":{"name":"(anonymous_3)","decl":{"start":{"line":57,"column":8},"end":{"line":57,"column":31}},"loc":{"start":{"line":57,"column":99},"end":{"line":62,"column":null}},"line":57},"4":{"name":"(anonymous_4)","decl":{"start":{"line":65,"column":8},"end":{"line":65,"column":37}},"loc":{"start":{"line":65,"column":130},"end":{"line":73,"column":null}},"line":65},"5":{"name":"(anonymous_5)","decl":{"start":{"line":76,"column":8},"end":{"line":76,"column":21}},"loc":{"start":{"line":76,"column":61},"end":{"line":77,"column":null}},"line":76},"6":{"name":"(anonymous_6)","decl":{"start":{"line":80,"column":8},"end":{"line":80,"column":22}},"loc":{"start":{"line":80,"column":148},"end":{"line":81,"column":null}},"line":80}},"branchMap":{"0":{"loc":{"start":{"line":37,"column":34},"end":{"line":37,"column":88}},"type":"default-arg","locations":[{"start":{"line":37,"column":86},"end":{"line":37,"column":88}}],"line":37},"1":{"loc":{"start":{"line":49,"column":4},"end":{"line":51,"column":null}},"type":"if","locations":[{"start":{"line":49,"column":4},"end":{"line":51,"column":null}},{"start":{},"end":{}}],"line":49},"2":{"loc":{"start":{"line":57,"column":51},"end":{"line":57,"column":99}},"type":"default-arg","locations":[{"start":{"line":57,"column":66},"end":{"line":57,"column":99}}],"line":57},"3":{"loc":{"start":{"line":65,"column":63},"end":{"line":65,"column":82}},"type":"default-arg","locations":[{"start":{"line":65,"column":78},"end":{"line":65,"column":82}}],"line":65},"4":{"loc":{"start":{"line":65,"column":82},"end":{"line":65,"column":130}},"type":"default-arg","locations":[{"start":{"line":65,"column":97},"end":{"line":65,"column":130}}],"line":65}},"s":{"0":3,"1":3,"2":3,"3":3,"4":6,"5":3,"6":3,"7":1,"8":1,"9":2,"10":2,"11":0,"12":1,"13":0},"f":{"0":3,"1":3,"2":6,"3":2,"4":0,"5":1,"6":0},"b":{"0":[3],"1":[1,2],"2":[2],"3":[0],"4":[0]},"meta":{"lastBranch":5,"lastFunction":7,"lastStatement":14,"seen":{"s:33:20:33:Infinity":0,"f:35:2:35:14":0,"s:35:22:35:38":1,"f:37:16:37:20":1,"b:37:86:37:88":0,"s:38:16:38:49":2,"s:39:4:41:Infinity":3,"f:39:27:39:36":2,"s:40:6:40:Infinity":4,"s:43:21:47:6":5,"b:49:4:51:Infinity:undefined:undefined:undefined:undefined":1,"s:49:4:51:Infinity":6,"s:50:24:50:45":7,"s:51:6:51:Infinity":8,"s:54:4:54:Infinity":9,"f:57:8:57:31":3,"b:57:66:57:99":2,"s:58:4:62:Infinity":10,"f:65:8:65:37":4,"b:65:78:65:82":3,"b:65:97:65:130":4,"s:66:4:73:Infinity":11,"f:76:8:76:21":5,"s:77:4:77:Infinity":12,"f:80:8:80:22":6,"s:81:4:81:Infinity":13}}}
,"C:\\Users\\doobs\\OneDrive\\Documents\\projects\\rare-bird-dashboard\\backend\\src\\lib\\ebird-parser.ts": {"path":"C:\\Users\\doobs\\OneDrive\\Documents\\projects\\rare-bird-dashboard\\backend\\src\\lib\\ebird-parser.ts","statementMap":{"0":{"start":{"line":20,"column":16},"end":{"line":20,"column":46}},"1":{"start":{"line":23,"column":2},"end":{"line":25,"column":null}},"2":{"start":{"line":24,"column":4},"end":{"line":24,"column":null}},"3":{"start":{"line":31,"column":2},"end":{"line":36,"column":null}},"4":{"start":{"line":33,"column":20},"end":{"line":33,"column":79}},"5":{"start":{"line":33,"column":62},"end":{"line":33,"column":77}},"6":{"start":{"line":34,"column":6},"end":{"line":34,"column":null}},"7":{"start":{"line":36,"column":6},"end":{"line":36,"column":null}},"8":{"start":{"line":42,"column":25},"end":{"line":42,"column":55}},"9":{"start":{"line":44,"column":32},"end":{"line":44,"column":34}},"10":{"start":{"line":45,"column":16},"end":{"line":45,"column":70}},"11":{"start":{"line":45,"column":58},"end":{"line":45,"column":69}},"12":{"start":{"line":47,"column":10},"end":{"line":47,"column":null}},"13":{"start":{"line":48,"column":2},"end":{"line":110,"column":null}},"14":{"start":{"line":49,"column":17},"end":{"line":49,"column":null}},"15":{"start":{"line":50,"column":4},"end":{"line":52,"column":null}},"16":{"start":{"line":51,"column":6},"end":{"line":51,"column":null}},"17":{"start":{"line":52,"column":6},"end":{"line":52,"column":null}},"18":{"start":{"line":56,"column":25},"end":{"line":56,"column":79}},"19":{"start":{"line":58,"column":4},"end":{"line":110,"column":null}},"20":{"start":{"line":59,"column":22},"end":{"line":59,"column":null}},"21":{"start":{"line":60,"column":29},"end":{"line":60,"column":null}},"22":{"start":{"line":61,"column":20},"end":{"line":61,"column":50}},"23":{"start":{"line":62,"column":24},"end":{"line":62,"column":null}},"24":{"start":{"line":64,"column":21},"end":{"line":64,"column":null}},"25":{"start":{"line":65,"column":23},"end":{"line":65,"column":33}},"26":{"start":{"line":66,"column":21},"end":{"line":66,"column":null}},"27":{"start":{"line":67,"column":19},"end":{"line":67,"column":null}},"28":{"start":{"line":68,"column":25},"end":{"line":68,"column":null}},"29":{"start":{"line":69,"column":21},"end":{"line":69,"column":null}},"30":{"start":{"line":71,"column":6},"end":{"line":71,"column":null}},"31":{"start":{"line":73,"column":6},"end":{"line":94,"column":null}},"32":{"start":{"line":74,"column":27},"end":{"line":74,"column":null}},"33":{"start":{"line":76,"column":8},"end":{"line":92,"column":null}},"34":{"start":{"line":77,"column":32},"end":{"line":77,"column":77}},"35":{"start":{"line":78,"column":10},"end":{"line":80,"column":null}},"36":{"start":{"line":79,"column":12},"end":{"line":79,"column":null}},"37":{"start":{"line":80,"column":12},"end":{"line":80,"column":null}},"38":{"start":{"line":82,"column":19},"end":{"line":92,"column":null}},"39":{"start":{"line":83,"column":10},"end":{"line":83,"column":null}},"40":{"start":{"line":84,"column":19},"end":{"line":92,"column":null}},"41":{"start":{"line":85,"column":10},"end":{"line":85,"column":null}},"42":{"start":{"line":86,"column":19},"end":{"line":92,"column":null}},"43":{"start":{"line":87,"column":10},"end":{"line":87,"column":null}},"44":{"start":{"line":88,"column":19},"end":{"line":92,"column":null}},"45":{"start":{"line":92,"column":10},"end":{"line":92,"column":null}},"46":{"start":{"line":94,"column":8},"end":{"line":94,"column":null}},"47":{"start":{"line":97,"column":6},"end":{"line":108,"column":null}},"48":{"start":{"line":110,"column":6},"end":{"line":110,"column":null}},"49":{"start":{"line":114,"column":2},"end":{"line":114,"column":null}}},"fnMap":{"0":{"name":"decodeQuotedPrintable","decl":{"start":{"line":17,"column":9},"end":{"line":17,"column":31}},"loc":{"start":{"line":17,"column":53},"end":{"line":36,"column":null}},"line":17},"1":{"name":"(anonymous_1)","decl":{"start":{"line":23,"column":28},"end":{"line":23,"column":49}},"loc":{"start":{"line":23,"column":64},"end":{"line":25,"column":null}},"line":23},"2":{"name":"(anonymous_2)","decl":{"start":{"line":33,"column":53},"end":{"line":33,"column":57}},"loc":{"start":{"line":33,"column":62},"end":{"line":33,"column":77}},"line":33},"3":{"name":"parseEBirdAlert","decl":{"start":{"line":40,"column":16},"end":{"line":40,"column":32}},"loc":{"start":{"line":40,"column":61},"end":{"line":114,"column":null}},"line":40},"4":{"name":"(anonymous_4)","decl":{"start":{"line":45,"column":46},"end":{"line":45,"column":50}},"loc":{"start":{"line":45,"column":58},"end":{"line":45,"column":69}},"line":45}},"branchMap":{"0":{"loc":{"start":{"line":50,"column":4},"end":{"line":52,"column":null}},"type":"if","locations":[{"start":{"line":50,"column":4},"end":{"line":52,"column":null}},{"start":{},"end":{}}],"line":50},"1":{"loc":{"start":{"line":58,"column":4},"end":{"line":110,"column":null}},"type":"if","locations":[{"start":{"line":58,"column":4},"end":{"line":110,"column":null}},{"start":{"line":109,"column":11},"end":{"line":110,"column":null}}],"line":58},"2":{"loc":{"start":{"line":73,"column":13},"end":{"line":73,"column":58}},"type":"binary-expr","locations":[{"start":{"line":73,"column":13},"end":{"line":73,"column":33}},{"start":{"line":73,"column":33},"end":{"line":73,"column":58}}],"line":73},"3":{"loc":{"start":{"line":76,"column":8},"end":{"line":92,"column":null}},"type":"if","locations":[{"start":{"line":76,"column":8},"end":{"line":92,"column":null}},{"start":{"line":82,"column":19},"end":{"line":92,"column":null}}],"line":76},"4":{"loc":{"start":{"line":78,"column":10},"end":{"line":80,"column":null}},"type":"if","locations":[{"start":{"line":78,"column":10},"end":{"line":80,"column":null}},{"start":{},"end":{}}],"line":78},"5":{"loc":{"start":{"line":82,"column":19},"end":{"line":92,"column":null}},"type":"if","locations":[{"start":{"line":82,"column":19},"end":{"line":92,"column":null}},{"start":{"line":84,"column":19},"end":{"line":92,"column":null}}],"line":82},"6":{"loc":{"start":{"line":84,"column":19},"end":{"line":92,"column":null}},"type":"if","locations":[{"start":{"line":84,"column":19},"end":{"line":92,"column":null}},{"start":{"line":86,"column":19},"end":{"line":92,"column":null}}],"line":84},"7":{"loc":{"start":{"line":86,"column":19},"end":{"line":92,"column":null}},"type":"if","locations":[{"start":{"line":86,"column":19},"end":{"line":92,"column":null}},{"start":{"line":88,"column":19},"end":{"line":92,"column":null}}],"line":86},"8":{"loc":{"start":{"line":88,"column":19},"end":{"line":92,"column":null}},"type":"if","locations":[{"start":{"line":88,"column":19},"end":{"line":92,"column":null}},{"start":{"line":90,"column":15},"end":{"line":92,"column":null}}],"line":88}},"s":{"0":2,"1":2,"2":12,"3":2,"4":2,"5":1383,"6":2,"7":0,"8":2,"9":2,"10":2,"11":24,"12":2,"13":2,"14":8,"15":8,"16":5,"17":5,"18":3,"19":3,"20":3,"21":3,"22":3,"23":3,"24":3,"25":3,"26":3,"27":3,"28":3,"29":3,"30":3,"31":3,"32":16,"33":16,"34":3,"35":3,"36":3,"37":3,"38":13,"39":3,"40":10,"41":3,"42":7,"43":3,"44":4,"45":3,"46":16,"47":3,"48":0,"49":2},"f":{"0":2,"1":12,"2":1383,"3":2,"4":24},"b":{"0":[5,3],"1":[3,0],"2":[3,19],"3":[3,13],"4":[3,0],"5":[3,10],"6":[3,7],"7":[3,4],"8":[1,3]},"meta":{"lastBranch":9,"lastFunction":5,"lastStatement":50,"seen":{"f:17:9:17:31":0,"s:20:16:20:46":0,"s:23:2:25:Infinity":1,"f:23:28:23:49":1,"s:24:4:24:Infinity":2,"s:31:2:36:Infinity":3,"s:33:20:33:79":4,"f:33:53:33:57":2,"s:33:62:33:77":5,"s:34:6:34:Infinity":6,"s:36:6:36:Infinity":7,"f:40:16:40:32":3,"s:42:25:42:55":8,"s:44:32:44:34":9,"s:45:16:45:70":10,"f:45:46:45:50":4,"s:45:58:45:69":11,"s:47:10:47:Infinity":12,"s:48:2:110:Infinity":13,"s:49:17:49:Infinity":14,"b:50:4:52:Infinity:undefined:undefined:undefined:undefined":0,"s:50:4:52:Infinity":15,"s:51:6:51:Infinity":16,"s:52:6:52:Infinity":17,"s:56:25:56:79":18,"b:58:4:110:Infinity:109:11:110:Infinity":1,"s:58:4:110:Infinity":19,"s:59:22:59:Infinity":20,"s:60:29:60:Infinity":21,"s:61:20:61:50":22,"s:62:24:62:Infinity":23,"s:64:21:64:Infinity":24,"s:65:23:65:33":25,"s:66:21:66:Infinity":26,"s:67:19:67:Infinity":27,"s:68:25:68:Infinity":28,"s:69:21:69:Infinity":29,"s:71:6:71:Infinity":30,"s:73:6:94:Infinity":31,"b:73:13:73:33:73:33:73:58":2,"s:74:27:74:Infinity":32,"b:76:8:92:Infinity:82:19:92:Infinity":3,"s:76:8:92:Infinity":33,"s:77:32:77:77":34,"b:78:10:80:Infinity:undefined:undefined:undefined:undefined":4,"s:78:10:80:Infinity":35,"s:79:12:79:Infinity":36,"s:80:12:80:Infinity":37,"b:82:19:92:Infinity:84:19:92:Infinity":5,"s:82:19:92:Infinity":38,"s:83:10:83:Infinity":39,"b:84:19:92:Infinity:86:19:92:Infinity":6,"s:84:19:92:Infinity":40,"s:85:10:85:Infinity":41,"b:86:19:92:Infinity:88:19:92:Infinity":7,"s:86:19:92:Infinity":42,"s:87:10:87:Infinity":43,"b:88:19:92:Infinity:90:15:92:Infinity":8,"s:88:19:92:Infinity":44,"s:92:10:92:Infinity":45,"s:94:8:94:Infinity":46,"s:97:6:108:Infinity":47,"s:110:6:110:Infinity":48,"s:114:2:114:Infinity":49}}}
,"C:\\Users\\doobs\\OneDrive\\Documents\\projects\\rare-bird-dashboard\\backend\\src\\lib\\enrichment-service.ts": {"path":"C:\\Users\\doobs\\OneDrive\\Documents\\projects\\rare-bird-dashboard\\backend\\src\\lib\\enrichment-service.ts","statementMap":{"0":{"start":{"line":7,"column":67},"end":{"line":28,"column":null}},"1":{"start":{"line":31,"column":12},"end":{"line":31,"column":null}},"2":{"start":{"line":32,"column":12},"end":{"line":32,"column":null}},"3":{"start":{"line":36,"column":21},"end":{"line":38,"column":6}},"4":{"start":{"line":40,"column":4},"end":{"line":40,"column":null}},"5":{"start":{"line":40,"column":19},"end":{"line":40,"column":null}},"6":{"start":{"line":41,"column":4},"end":{"line":41,"column":null}},"7":{"start":{"line":41,"column":24},"end":{"line":41,"column":null}},"8":{"start":{"line":43,"column":18},"end":{"line":43,"column":60}},"9":{"start":{"line":45,"column":4},"end":{"line":46,"column":null}},"10":{"start":{"line":46,"column":6},"end":{"line":46,"column":null}},"11":{"start":{"line":51,"column":23},"end":{"line":55,"column":6}},"12":{"start":{"line":57,"column":4},"end":{"line":57,"column":null}},"13":{"start":{"line":57,"column":33},"end":{"line":57,"column":null}},"14":{"start":{"line":60,"column":35},"end":{"line":60,"column":37}},"15":{"start":{"line":61,"column":38},"end":{"line":61,"column":40}},"16":{"start":{"line":63,"column":4},"end":{"line":67,"column":null}},"17":{"start":{"line":64,"column":6},"end":{"line":67,"column":null}},"18":{"start":{"line":65,"column":8},"end":{"line":65,"column":null}},"19":{"start":{"line":67,"column":8},"end":{"line":67,"column":null}},"20":{"start":{"line":72,"column":21},"end":{"line":72,"column":45}},"21":{"start":{"line":73,"column":40},"end":{"line":73,"column":42}},"22":{"start":{"line":75,"column":4},"end":{"line":91,"column":null}},"23":{"start":{"line":76,"column":21},"end":{"line":76,"column":79}},"24":{"start":{"line":77,"column":6},"end":{"line":91,"column":null}},"25":{"start":{"line":78,"column":20},"end":{"line":78,"column":null}},"26":{"start":{"line":79,"column":8},"end":{"line":83,"column":null}},"27":{"start":{"line":80,"column":31},"end":{"line":81,"column":null}},"28":{"start":{"line":83,"column":10},"end":{"line":83,"column":null}},"29":{"start":{"line":86,"column":22},"end":{"line":86,"column":126}},"30":{"start":{"line":87,"column":8},"end":{"line":91,"column":null}},"31":{"start":{"line":88,"column":10},"end":{"line":88,"column":null}},"32":{"start":{"line":91,"column":10},"end":{"line":91,"column":null}},"33":{"start":{"line":97,"column":25},"end":{"line":97,"column":63}},"34":{"start":{"line":98,"column":25},"end":{"line":98,"column":54}},"35":{"start":{"line":100,"column":4},"end":{"line":104,"column":null}},"36":{"start":{"line":101,"column":25},"end":{"line":101,"column":80}},"37":{"start":{"line":102,"column":6},"end":{"line":104,"column":null}},"38":{"start":{"line":103,"column":8},"end":{"line":103,"column":null}},"39":{"start":{"line":103,"column":43},"end":{"line":103,"column":null}},"40":{"start":{"line":104,"column":8},"end":{"line":104,"column":null}},"41":{"start":{"line":109,"column":4},"end":{"line":118,"column":null}},"42":{"start":{"line":110,"column":6},"end":{"line":110,"column":null}},"43":{"start":{"line":111,"column":27},"end":{"line":111,"column":100}},"44":{"start":{"line":112,"column":6},"end":{"line":112,"column":null}},"45":{"start":{"line":113,"column":6},"end":{"line":115,"column":null}},"46":{"start":{"line":114,"column":22},"end":{"line":114,"column":120}},"47":{"start":{"line":115,"column":8},"end":{"line":115,"column":null}},"48":{"start":{"line":115,"column":19},"end":{"line":115,"column":null}},"49":{"start":{"line":118,"column":6},"end":{"line":118,"column":null}},"50":{"start":{"line":118,"column":35},"end":{"line":118,"column":59}},"51":{"start":{"line":123,"column":18},"end":{"line":123,"column":56}},"52":{"start":{"line":123,"column":47},"end":{"line":123,"column":55}},"53":{"start":{"line":127,"column":42},"end":{"line":127,"column":null}},"54":{"start":{"line":128,"column":36},"end":{"line":128,"column":null}},"55":{"start":{"line":131,"column":4},"end":{"line":140,"column":null}},"56":{"start":{"line":131,"column":17},"end":{"line":131,"column":35}},"57":{"start":{"line":132,"column":19},"end":{"line":132,"column":null}},"58":{"start":{"line":133,"column":24},"end":{"line":133,"column":47}},"59":{"start":{"line":134,"column":6},"end":{"line":140,"column":null}},"60":{"start":{"line":135,"column":8},"end":{"line":135,"column":null}},"61":{"start":{"line":137,"column":8},"end":{"line":138,"column":null}},"62":{"start":{"line":138,"column":12},"end":{"line":138,"column":null}},"63":{"start":{"line":140,"column":8},"end":{"line":140,"column":null}},"64":{"start":{"line":144,"column":4},"end":{"line":144,"column":null}},"65":{"start":{"line":144,"column":27},"end":{"line":144,"column":null}},"66":{"start":{"line":147,"column":4},"end":{"line":149,"column":null}},"67":{"start":{"line":148,"column":31},"end":{"line":148,"column":103}},"68":{"start":{"line":149,"column":6},"end":{"line":149,"column":null}},"69":{"start":{"line":149,"column":28},"end":{"line":149,"column":null}},"70":{"start":{"line":153,"column":4},"end":{"line":153,"column":null}},"71":{"start":{"line":158,"column":4},"end":{"line":158,"column":null}},"72":{"start":{"line":158,"column":48},"end":{"line":158,"column":null}},"73":{"start":{"line":159,"column":4},"end":{"line":160,"column":null}},"74":{"start":{"line":160,"column":6},"end":{"line":160,"column":null}},"75":{"start":{"line":160,"column":31},"end":{"line":160,"column":null}},"76":{"start":{"line":164,"column":19},"end":{"line":164,"column":58}},"77":{"start":{"line":165,"column":4},"end":{"line":165,"column":null}},"78":{"start":{"line":165,"column":16},"end":{"line":165,"column":null}},"79":{"start":{"line":167,"column":4},"end":{"line":167,"column":null}},"80":{"start":{"line":171,"column":4},"end":{"line":181,"column":null}}},"fnMap":{"0":{"name":"(anonymous_0)","decl":{"start":{"line":30,"column":2},"end":{"line":30,"column":null}},"loc":{"start":{"line":33,"column":4},"end":{"line":32,"column":null}},"line":33},"1":{"name":"(anonymous_1)","decl":{"start":{"line":35,"column":8},"end":{"line":35,"column":23}},"loc":{"start":{"line":35,"column":58},"end":{"line":46,"column":null}},"line":35},"2":{"name":"(anonymous_2)","decl":{"start":{"line":50,"column":8},"end":{"line":50,"column":45}},"loc":{"start":{"line":50,"column":45},"end":{"line":118,"column":null}},"line":50},"3":{"name":"(anonymous_3)","decl":{"start":{"line":118,"column":16},"end":{"line":118,"column":24}},"loc":{"start":{"line":118,"column":35},"end":{"line":118,"column":59}},"line":118},"4":{"name":"(anonymous_4)","decl":{"start":{"line":122,"column":16},"end":{"line":122,"column":42}},"loc":{"start":{"line":122,"column":84},"end":{"line":153,"column":null}},"line":122},"5":{"name":"(anonymous_5)","decl":{"start":{"line":123,"column":38},"end":{"line":123,"column":42}},"loc":{"start":{"line":123,"column":47},"end":{"line":123,"column":55}},"line":123},"6":{"name":"(anonymous_6)","decl":{"start":{"line":156,"column":2},"end":{"line":156,"column":10}},"loc":{"start":{"line":156,"column":52},"end":{"line":167,"column":null}},"line":156},"7":{"name":"(anonymous_7)","decl":{"start":{"line":170,"column":16},"end":{"line":170,"column":27}},"loc":{"start":{"line":170,"column":74},"end":{"line":181,"column":null}},"line":170}},"branchMap":{"0":{"loc":{"start":{"line":40,"column":4},"end":{"line":40,"column":null}},"type":"if","locations":[{"start":{"line":40,"column":4},"end":{"line":40,"column":null}},{"start":{},"end":{}}],"line":40},"1":{"loc":{"start":{"line":41,"column":4},"end":{"line":41,"column":null}},"type":"if","locations":[{"start":{"line":41,"column":4},"end":{"line":41,"column":null}},{"start":{},"end":{}}],"line":41},"2":{"loc":{"start":{"line":45,"column":4},"end":{"line":46,"column":null}},"type":"if","locations":[{"start":{"line":45,"column":4},"end":{"line":46,"column":null}},{"start":{},"end":{}}],"line":45},"3":{"loc":{"start":{"line":57,"column":4},"end":{"line":57,"column":null}},"type":"if","locations":[{"start":{"line":57,"column":4},"end":{"line":57,"column":null}},{"start":{},"end":{}}],"line":57},"4":{"loc":{"start":{"line":64,"column":6},"end":{"line":67,"column":null}},"type":"if","locations":[{"start":{"line":64,"column":6},"end":{"line":67,"column":null}},{"start":{"line":66,"column":13},"end":{"line":67,"column":null}}],"line":64},"5":{"loc":{"start":{"line":77,"column":6},"end":{"line":91,"column":null}},"type":"if","locations":[{"start":{"line":77,"column":6},"end":{"line":91,"column":null}},{"start":{},"end":{}}],"line":77},"6":{"loc":{"start":{"line":79,"column":8},"end":{"line":83,"column":null}},"type":"if","locations":[{"start":{"line":79,"column":8},"end":{"line":83,"column":null}},{"start":{},"end":{}}],"line":79},"7":{"loc":{"start":{"line":87,"column":8},"end":{"line":91,"column":null}},"type":"if","locations":[{"start":{"line":87,"column":8},"end":{"line":91,"column":null}},{"start":{"line":89,"column":15},"end":{"line":91,"column":null}}],"line":87},"8":{"loc":{"start":{"line":102,"column":6},"end":{"line":104,"column":null}},"type":"if","locations":[{"start":{"line":102,"column":6},"end":{"line":104,"column":null}},{"start":{},"end":{}}],"line":102},"9":{"loc":{"start":{"line":103,"column":8},"end":{"line":103,"column":null}},"type":"if","locations":[{"start":{"line":103,"column":8},"end":{"line":103,"column":null}},{"start":{},"end":{}}],"line":103},"10":{"loc":{"start":{"line":115,"column":8},"end":{"line":115,"column":null}},"type":"if","locations":[{"start":{"line":115,"column":8},"end":{"line":115,"column":null}},{"start":{},"end":{}}],"line":115},"11":{"loc":{"start":{"line":134,"column":6},"end":{"line":140,"column":null}},"type":"if","locations":[{"start":{"line":134,"column":6},"end":{"line":140,"column":null}},{"start":{},"end":{}}],"line":134},"12":{"loc":{"start":{"line":137,"column":8},"end":{"line":138,"column":null}},"type":"if","locations":[{"start":{"line":137,"column":8},"end":{"line":138,"column":null}},{"start":{},"end":{}}],"line":137},"13":{"loc":{"start":{"line":144,"column":4},"end":{"line":144,"column":null}},"type":"if","locations":[{"start":{"line":144,"column":4},"end":{"line":144,"column":null}},{"start":{},"end":{}}],"line":144},"14":{"loc":{"start":{"line":147,"column":4},"end":{"line":149,"column":null}},"type":"if","locations":[{"start":{"line":147,"column":4},"end":{"line":149,"column":null}},{"start":{},"end":{}}],"line":147},"15":{"loc":{"start":{"line":149,"column":6},"end":{"line":149,"column":null}},"type":"if","locations":[{"start":{"line":149,"column":6},"end":{"line":149,"column":null}},{"start":{},"end":{}}],"line":149},"16":{"loc":{"start":{"line":158,"column":4},"end":{"line":158,"column":null}},"type":"if","locations":[{"start":{"line":158,"column":4},"end":{"line":158,"column":null}},{"start":{},"end":{}}],"line":158},"17":{"loc":{"start":{"line":160,"column":6},"end":{"line":160,"column":null}},"type":"if","locations":[{"start":{"line":160,"column":6},"end":{"line":160,"column":null}},{"start":{},"end":{}}],"line":160},"18":{"loc":{"start":{"line":165,"column":4},"end":{"line":165,"column":null}},"type":"if","locations":[{"start":{"line":165,"column":4},"end":{"line":165,"column":null}},{"start":{},"end":{}}],"line":165}},"s":{"0":1,"1":3,"2":3,"3":2,"4":2,"5":0,"6":2,"7":0,"8":2,"9":2,"10":1,"11":1,"12":1,"13":0,"14":1,"15":1,"16":1,"17":2,"18":0,"19":2,"20":1,"21":1,"22":1,"23":0,"24":0,"25":0,"26":0,"27":0,"28":0,"29":0,"30":0,"31":0,"32":0,"33":1,"34":1,"35":1,"36":2,"37":2,"38":2,"39":2,"40":2,"41":1,"42":2,"43":2,"44":2,"45":2,"46":2,"47":2,"48":2,"49":2,"50":2,"51":2,"52":4,"53":2,"54":2,"55":2,"56":2,"57":2,"58":2,"59":2,"60":2,"61":2,"62":2,"63":2,"64":2,"65":0,"66":2,"67":2,"68":2,"69":0,"70":2,"71":2,"72":2,"73":0,"74":0,"75":0,"76":0,"77":0,"78":0,"79":0,"80":3},"f":{"0":3,"1":2,"2":1,"3":2,"4":2,"5":4,"6":2,"7":3},"b":{"0":[0,2],"1":[0,2],"2":[1,1],"3":[0,1],"4":[0,2],"5":[0,0],"6":[0,0],"7":[0,0],"8":[2,0],"9":[2,0],"10":[2,0],"11":[2,0],"12":[2,0],"13":[0,2],"14":[2,0],"15":[0,2],"16":[2,0],"17":[0,0],"18":[0,0]},"meta":{"lastBranch":19,"lastFunction":8,"lastStatement":81,"seen":{"s:7:67:28:Infinity":0,"f:30:2:30:Infinity":0,"s:31:12:31:Infinity":1,"s:32:12:32:Infinity":2,"f:35:8:35:23":1,"s:36:21:38:6":3,"b:40:4:40:Infinity:undefined:undefined:undefined:undefined":0,"s:40:4:40:Infinity":4,"s:40:19:40:Infinity":5,"b:41:4:41:Infinity:undefined:undefined:undefined:undefined":1,"s:41:4:41:Infinity":6,"s:41:24:41:Infinity":7,"s:43:18:43:60":8,"b:45:4:46:Infinity:undefined:undefined:undefined:undefined":2,"s:45:4:46:Infinity":9,"s:46:6:46:Infinity":10,"f:50:8:50:45":2,"s:51:23:55:6":11,"b:57:4:57:Infinity:undefined:undefined:undefined:undefined":3,"s:57:4:57:Infinity":12,"s:57:33:57:Infinity":13,"s:60:35:60:37":14,"s:61:38:61:40":15,"s:63:4:67:Infinity":16,"b:64:6:67:Infinity:66:13:67:Infinity":4,"s:64:6:67:Infinity":17,"s:65:8:65:Infinity":18,"s:67:8:67:Infinity":19,"s:72:21:72:45":20,"s:73:40:73:42":21,"s:75:4:91:Infinity":22,"s:76:21:76:79":23,"b:77:6:91:Infinity:undefined:undefined:undefined:undefined":5,"s:77:6:91:Infinity":24,"s:78:20:78:Infinity":25,"b:79:8:83:Infinity:undefined:undefined:undefined:undefined":6,"s:79:8:83:Infinity":26,"s:80:31:81:Infinity":27,"s:83:10:83:Infinity":28,"s:86:22:86:126":29,"b:87:8:91:Infinity:89:15:91:Infinity":7,"s:87:8:91:Infinity":30,"s:88:10:88:Infinity":31,"s:91:10:91:Infinity":32,"s:97:25:97:63":33,"s:98:25:98:54":34,"s:100:4:104:Infinity":35,"s:101:25:101:80":36,"b:102:6:104:Infinity:undefined:undefined:undefined:undefined":8,"s:102:6:104:Infinity":37,"b:103:8:103:Infinity:undefined:undefined:undefined:undefined":9,"s:103:8:103:Infinity":38,"s:103:43:103:Infinity":39,"s:104:8:104:Infinity":40,"s:109:4:118:Infinity":41,"s:110:6:110:Infinity":42,"s:111:27:111:100":43,"s:112:6:112:Infinity":44,"s:113:6:115:Infinity":45,"s:114:22:114:120":46,"b:115:8:115:Infinity:undefined:undefined:undefined:undefined":10,"s:115:8:115:Infinity":47,"s:115:19:115:Infinity":48,"s:118:6:118:Infinity":49,"f:118:16:118:24":3,"s:118:35:118:59":50,"f:122:16:122:42":4,"s:123:18:123:56":51,"f:123:38:123:42":5,"s:123:47:123:55":52,"s:127:42:127:Infinity":53,"s:128:36:128:Infinity":54,"s:131:4:140:Infinity":55,"s:131:17:131:35":56,"s:132:19:132:Infinity":57,"s:133:24:133:47":58,"b:134:6:140:Infinity:undefined:undefined:undefined:undefined":11,"s:134:6:140:Infinity":59,"s:135:8:135:Infinity":60,"b:137:8:138:Infinity:undefined:undefined:undefined:undefined":12,"s:137:8:138:Infinity":61,"s:138:12:138:Infinity":62,"s:140:8:140:Infinity":63,"b:144:4:144:Infinity:undefined:undefined:undefined:undefined":13,"s:144:4:144:Infinity":64,"s:144:27:144:Infinity":65,"b:147:4:149:Infinity:undefined:undefined:undefined:undefined":14,"s:147:4:149:Infinity":66,"s:148:31:148:103":67,"b:149:6:149:Infinity:undefined:undefined:undefined:undefined":15,"s:149:6:149:Infinity":68,"s:149:28:149:Infinity":69,"s:153:4:153:Infinity":70,"f:156:2:156:10":6,"b:158:4:158:Infinity:undefined:undefined:undefined:undefined":16,"s:158:4:158:Infinity":71,"s:158:48:158:Infinity":72,"s:159:4:160:Infinity":73,"b:160:6:160:Infinity:undefined:undefined:undefined:undefined":17,"s:160:6:160:Infinity":74,"s:160:31:160:Infinity":75,"s:164:19:164:58":76,"b:165:4:165:Infinity:undefined:undefined:undefined:undefined":18,"s:165:4:165:Infinity":77,"s:165:16:165:Infinity":78,"s:167:4:167:Infinity":79,"f:170:16:170:27":7,"s:171:4:181:Infinity":80}}}
,"C:\\Users\\doobs\\OneDrive\\Documents\\projects\\rare-bird-dashboard\\backend\\src\\lib\\match-engine.ts": {"path":"C:\\Users\\doobs\\OneDrive\\Documents\\projects\\rare-bird-dashboard\\backend\\src\\lib\\match-engine.ts","statementMap":{"0":{"start":{"line":6,"column":21},"end":{"line":6,"column":47}},"1":{"start":{"line":9,"column":40},"end":{"line":9,"column":null}},"2":{"start":{"line":12,"column":19},"end":{"line":12,"column":50}},"3":{"start":{"line":14,"column":41},"end":{"line":14,"column":43}},"4":{"start":{"line":16,"column":4},"end":{"line":23,"column":null}},"5":{"start":{"line":18,"column":6},"end":{"line":18,"column":null}},"6":{"start":{"line":21,"column":26},"end":{"line":21,"column":74}},"7":{"start":{"line":22,"column":6},"end":{"line":23,"column":null}},"8":{"start":{"line":23,"column":8},"end":{"line":23,"column":null}},"9":{"start":{"line":27,"column":4},"end":{"line":27,"column":null}},"10":{"start":{"line":27,"column":33},"end":{"line":27,"column":null}},"11":{"start":{"line":30,"column":4},"end":{"line":30,"column":null}},"12":{"start":{"line":34,"column":18},"end":{"line":34,"column":null}},"13":{"start":{"line":35,"column":18},"end":{"line":35,"column":39}},"14":{"start":{"line":37,"column":4},"end":{"line":41,"column":null}},"15":{"start":{"line":38,"column":6},"end":{"line":41,"column":null}},"16":{"start":{"line":43,"column":4},"end":{"line":43,"column":null}},"17":{"start":{"line":47,"column":4},"end":{"line":47,"column":null}},"18":{"start":{"line":47,"column":48},"end":{"line":47,"column":null}},"19":{"start":{"line":49,"column":23},"end":{"line":49,"column":43}},"20":{"start":{"line":50,"column":30},"end":{"line":50,"column":66}},"21":{"start":{"line":51,"column":32},"end":{"line":51,"column":60}},"22":{"start":{"line":52,"column":25},"end":{"line":52,"column":62}},"23":{"start":{"line":55,"column":27},"end":{"line":60,"column":null}},"24":{"start":{"line":56,"column":26},"end":{"line":56,"column":58}},"25":{"start":{"line":57,"column":6},"end":{"line":59,"column":null}},"26":{"start":{"line":62,"column":4},"end":{"line":62,"column":null}},"27":{"start":{"line":62,"column":37},"end":{"line":62,"column":null}},"28":{"start":{"line":66,"column":28},"end":{"line":66,"column":null}},"29":{"start":{"line":67,"column":25},"end":{"line":70,"column":null}},"30":{"start":{"line":68,"column":22},"end":{"line":68,"column":49}},"31":{"start":{"line":69,"column":6},"end":{"line":69,"column":null}},"32":{"start":{"line":75,"column":30},"end":{"line":75,"column":null}},"33":{"start":{"line":78,"column":19},"end":{"line":102,"column":null}},"34":{"start":{"line":79,"column":22},"end":{"line":79,"column":49}},"35":{"start":{"line":80,"column":23},"end":{"line":80,"column":53}},"36":{"start":{"line":83,"column":26},"end":{"line":83,"column":84}},"37":{"start":{"line":83,"column":71},"end":{"line":83,"column":84}},"38":{"start":{"line":84,"column":29},"end":{"line":84,"column":91}},"39":{"start":{"line":84,"column":78},"end":{"line":84,"column":91}},"40":{"start":{"line":85,"column":27},"end":{"line":85,"column":78}},"41":{"start":{"line":85,"column":51},"end":{"line":85,"column":77}},"42":{"start":{"line":86,"column":26},"end":{"line":86,"column":null}},"43":{"start":{"line":89,"column":26},"end":{"line":89,"column":null}},"44":{"start":{"line":90,"column":6},"end":{"line":93,"column":null}},"45":{"start":{"line":91,"column":21},"end":{"line":91,"column":93}},"46":{"start":{"line":93,"column":8},"end":{"line":93,"column":null}},"47":{"start":{"line":97,"column":24},"end":{"line":97,"column":75}},"48":{"start":{"line":99,"column":25},"end":{"line":99,"column":null}},"49":{"start":{"line":101,"column":6},"end":{"line":101,"column":null}},"50":{"start":{"line":105,"column":4},"end":{"line":110,"column":null}},"51":{"start":{"line":106,"column":6},"end":{"line":107,"column":null}},"52":{"start":{"line":107,"column":8},"end":{"line":107,"column":null}},"53":{"start":{"line":109,"column":6},"end":{"line":109,"column":null}},"54":{"start":{"line":112,"column":17},"end":{"line":112,"column":null}},"55":{"start":{"line":115,"column":4},"end":{"line":117,"column":null}},"56":{"start":{"line":116,"column":6},"end":{"line":116,"column":null}},"57":{"start":{"line":117,"column":6},"end":{"line":117,"column":null}},"58":{"start":{"line":120,"column":4},"end":{"line":120,"column":null}},"59":{"start":{"line":124,"column":14},"end":{"line":124,"column":null}},"60":{"start":{"line":125,"column":17},"end":{"line":125,"column":42}},"61":{"start":{"line":126,"column":17},"end":{"line":126,"column":42}},"62":{"start":{"line":128,"column":6},"end":{"line":130,"column":45}},"63":{"start":{"line":131,"column":14},"end":{"line":131,"column":60}},"64":{"start":{"line":132,"column":4},"end":{"line":132,"column":null}},"65":{"start":{"line":136,"column":4},"end":{"line":136,"column":null}},"66":{"start":{"line":140,"column":4},"end":{"line":145,"column":null}},"67":{"start":{"line":143,"column":19},"end":{"line":143,"column":84}}},"fnMap":{"0":{"name":"(anonymous_0)","decl":{"start":{"line":6,"column":2},"end":{"line":6,"column":14}},"loc":{"start":{"line":6,"column":47},"end":{"line":6,"column":47}},"line":6},"1":{"name":"(anonymous_1)","decl":{"start":{"line":8,"column":8},"end":{"line":8,"column":18}},"loc":{"start":{"line":8,"column":72},"end":{"line":30,"column":null}},"line":8},"2":{"name":"(anonymous_2)","decl":{"start":{"line":33,"column":2},"end":{"line":33,"column":9}},"loc":{"start":{"line":33,"column":81},"end":{"line":43,"column":null}},"line":33},"3":{"name":"(anonymous_3)","decl":{"start":{"line":46,"column":2},"end":{"line":46,"column":9}},"loc":{"start":{"line":46,"column":147},"end":{"line":120,"column":null}},"line":46},"4":{"name":"(anonymous_4)","decl":{"start":{"line":55,"column":38},"end":{"line":55,"column":45}},"loc":{"start":{"line":55,"column":50},"end":{"line":60,"column":null}},"line":55},"5":{"name":"(anonymous_5)","decl":{"start":{"line":67,"column":40},"end":{"line":67,"column":47}},"loc":{"start":{"line":67,"column":52},"end":{"line":70,"column":null}},"line":67},"6":{"name":"(anonymous_6)","decl":{"start":{"line":78,"column":37},"end":{"line":78,"column":41}},"loc":{"start":{"line":78,"column":46},"end":{"line":102,"column":null}},"line":78},"7":{"name":"(anonymous_7)","decl":{"start":{"line":83,"column":59},"end":{"line":83,"column":66}},"loc":{"start":{"line":83,"column":71},"end":{"line":83,"column":84}},"line":83},"8":{"name":"(anonymous_8)","decl":{"start":{"line":84,"column":66},"end":{"line":84,"column":73}},"loc":{"start":{"line":84,"column":78},"end":{"line":84,"column":91}},"line":84},"9":{"name":"(anonymous_9)","decl":{"start":{"line":85,"column":39},"end":{"line":85,"column":46}},"loc":{"start":{"line":85,"column":51},"end":{"line":85,"column":77}},"line":85},"10":{"name":"(anonymous_10)","decl":{"start":{"line":105,"column":11},"end":{"line":105,"column":17}},"loc":{"start":{"line":105,"column":26},"end":{"line":110,"column":null}},"line":105},"11":{"name":"(anonymous_11)","decl":{"start":{"line":123,"column":2},"end":{"line":123,"column":10}},"loc":{"start":{"line":123,"column":92},"end":{"line":132,"column":null}},"line":123},"12":{"name":"(anonymous_12)","decl":{"start":{"line":135,"column":2},"end":{"line":135,"column":10}},"loc":{"start":{"line":135,"column":39},"end":{"line":136,"column":null}},"line":135},"13":{"name":"(anonymous_13)","decl":{"start":{"line":139,"column":2},"end":{"line":139,"column":10}},"loc":{"start":{"line":139,"column":49},"end":{"line":145,"column":null}},"line":139},"14":{"name":"(anonymous_14)","decl":{"start":{"line":143,"column":7},"end":{"line":143,"column":14}},"loc":{"start":{"line":143,"column":19},"end":{"line":143,"column":84}},"line":143}},"branchMap":{"0":{"loc":{"start":{"line":16,"column":4},"end":{"line":23,"column":null}},"type":"if","locations":[{"start":{"line":16,"column":4},"end":{"line":23,"column":null}},{"start":{"line":19,"column":11},"end":{"line":23,"column":null}}],"line":16},"1":{"loc":{"start":{"line":22,"column":6},"end":{"line":23,"column":null}},"type":"if","locations":[{"start":{"line":22,"column":6},"end":{"line":23,"column":null}},{"start":{},"end":{}}],"line":22},"2":{"loc":{"start":{"line":27,"column":4},"end":{"line":27,"column":null}},"type":"if","locations":[{"start":{"line":27,"column":4},"end":{"line":27,"column":null}},{"start":{},"end":{}}],"line":27},"3":{"loc":{"start":{"line":37,"column":4},"end":{"line":41,"column":null}},"type":"if","locations":[{"start":{"line":37,"column":4},"end":{"line":41,"column":null}},{"start":{},"end":{}}],"line":37},"4":{"loc":{"start":{"line":37,"column":8},"end":{"line":37,"column":39}},"type":"binary-expr","locations":[{"start":{"line":37,"column":8},"end":{"line":37,"column":17}},{"start":{"line":37,"column":17},"end":{"line":37,"column":29}},{"start":{"line":37,"column":29},"end":{"line":37,"column":39}}],"line":37},"5":{"loc":{"start":{"line":47,"column":4},"end":{"line":47,"column":null}},"type":"if","locations":[{"start":{"line":47,"column":4},"end":{"line":47,"column":null}},{"start":{},"end":{}}],"line":47},"6":{"loc":{"start":{"line":47,"column":8},"end":{"line":47,"column":48}},"type":"binary-expr","locations":[{"start":{"line":47,"column":8},"end":{"line":47,"column":23}},{"start":{"line":47,"column":23},"end":{"line":47,"column":48}}],"line":47},"7":{"loc":{"start":{"line":57,"column":13},"end":{"line":59,"column":52}},"type":"binary-expr","locations":[{"start":{"line":57,"column":13},"end":{"line":57,"column":null}},{"start":{"line":58,"column":13},"end":{"line":58,"column":52}},{"start":{"line":59,"column":13},"end":{"line":59,"column":52}}],"line":57},"8":{"loc":{"start":{"line":62,"column":4},"end":{"line":62,"column":null}},"type":"if","locations":[{"start":{"line":62,"column":4},"end":{"line":62,"column":null}},{"start":{},"end":{}}],"line":62},"9":{"loc":{"start":{"line":75,"column":30},"end":{"line":75,"column":null}},"type":"cond-expr","locations":[{"start":{"line":75,"column":56},"end":{"line":75,"column":71}},{"start":{"line":75,"column":71},"end":{"line":75,"column":null}}],"line":75},"10":{"loc":{"start":{"line":90,"column":6},"end":{"line":93,"column":null}},"type":"if","locations":[{"start":{"line":90,"column":6},"end":{"line":93,"column":null}},{"start":{},"end":{}}],"line":90},"11":{"loc":{"start":{"line":106,"column":6},"end":{"line":107,"column":null}},"type":"if","locations":[{"start":{"line":106,"column":6},"end":{"line":107,"column":null}},{"start":{},"end":{}}],"line":106},"12":{"loc":{"start":{"line":115,"column":4},"end":{"line":117,"column":null}},"type":"if","locations":[{"start":{"line":115,"column":4},"end":{"line":117,"column":null}},{"start":{},"end":{}}],"line":115},"13":{"loc":{"start":{"line":143,"column":19},"end":{"line":143,"column":84}},"type":"binary-expr","locations":[{"start":{"line":143,"column":19},"end":{"line":143,"column":38}},{"start":{"line":143,"column":38},"end":{"line":143,"column":55}},{"start":{"line":143,"column":55},"end":{"line":143,"column":71}},{"start":{"line":143,"column":71},"end":{"line":143,"column":84}}],"line":143}},"s":{"0":6,"1":6,"2":6,"3":6,"4":6,"5":1,"6":5,"7":5,"8":4,"9":6,"10":1,"11":5,"12":11,"13":11,"14":11,"15":2,"16":9,"17":5,"18":0,"19":5,"20":5,"21":5,"22":5,"23":5,"24":6,"25":6,"26":5,"27":0,"28":5,"29":5,"30":6,"31":6,"32":5,"33":5,"34":6,"35":6,"36":6,"37":27,"38":6,"39":14,"40":6,"41":12,"42":6,"43":6,"44":6,"45":1,"46":1,"47":6,"48":6,"49":6,"50":5,"51":1,"52":1,"53":0,"54":5,"55":5,"56":0,"57":0,"58":5,"59":1,"60":1,"61":1,"62":1,"63":1,"64":1,"65":4,"66":11,"67":21},"f":{"0":6,"1":6,"2":11,"3":5,"4":6,"5":6,"6":6,"7":27,"8":14,"9":12,"10":1,"11":1,"12":4,"13":11,"14":21},"b":{"0":[1,5],"1":[4,1],"2":[1,5],"3":[2,9],"4":[11,2,2],"5":[0,5],"6":[5,5],"7":[6,1,0],"8":[0,5],"9":[5,0],"10":[1,5],"11":[1,0],"12":[0,5],"13":[21,21,19,19]},"meta":{"lastBranch":14,"lastFunction":15,"lastStatement":68,"seen":{"f:6:2:6:14":0,"s:6:21:6:47":0,"f:8:8:8:18":1,"s:9:40:9:Infinity":1,"s:12:19:12:50":2,"s:14:41:14:43":3,"b:16:4:23:Infinity:19:11:23:Infinity":0,"s:16:4:23:Infinity":4,"s:18:6:18:Infinity":5,"s:21:26:21:74":6,"b:22:6:23:Infinity:undefined:undefined:undefined:undefined":1,"s:22:6:23:Infinity":7,"s:23:8:23:Infinity":8,"b:27:4:27:Infinity:undefined:undefined:undefined:undefined":2,"s:27:4:27:Infinity":9,"s:27:33:27:Infinity":10,"s:30:4:30:Infinity":11,"f:33:2:33:9":2,"s:34:18:34:Infinity":12,"s:35:18:35:39":13,"b:37:4:41:Infinity:undefined:undefined:undefined:undefined":3,"s:37:4:41:Infinity":14,"b:37:8:37:17:37:17:37:29:37:29:37:39":4,"s:38:6:41:Infinity":15,"s:43:4:43:Infinity":16,"f:46:2:46:9":3,"b:47:4:47:Infinity:undefined:undefined:undefined:undefined":5,"s:47:4:47:Infinity":17,"b:47:8:47:23:47:23:47:48":6,"s:47:48:47:Infinity":18,"s:49:23:49:43":19,"s:50:30:50:66":20,"s:51:32:51:60":21,"s:52:25:52:62":22,"s:55:27:60:Infinity":23,"f:55:38:55:45":4,"s:56:26:56:58":24,"s:57:6:59:Infinity":25,"b:57:13:57:Infinity:58:13:58:52:59:13:59:52":7,"b:62:4:62:Infinity:undefined:undefined:undefined:undefined":8,"s:62:4:62:Infinity":26,"s:62:37:62:Infinity":27,"s:66:28:66:Infinity":28,"s:67:25:70:Infinity":29,"f:67:40:67:47":5,"s:68:22:68:49":30,"s:69:6:69:Infinity":31,"s:75:30:75:Infinity":32,"b:75:56:75:71:75:71:75:Infinity":9,"s:78:19:102:Infinity":33,"f:78:37:78:41":6,"s:79:22:79:49":34,"s:80:23:80:53":35,"s:83:26:83:84":36,"f:83:59:83:66":7,"s:83:71:83:84":37,"s:84:29:84:91":38,"f:84:66:84:73":8,"s:84:78:84:91":39,"s:85:27:85:78":40,"f:85:39:85:46":9,"s:85:51:85:77":41,"s:86:26:86:Infinity":42,"s:89:26:89:Infinity":43,"b:90:6:93:Infinity:undefined:undefined:undefined:undefined":10,"s:90:6:93:Infinity":44,"s:91:21:91:93":45,"s:93:8:93:Infinity":46,"s:97:24:97:75":47,"s:99:25:99:Infinity":48,"s:101:6:101:Infinity":49,"s:105:4:110:Infinity":50,"f:105:11:105:17":10,"b:106:6:107:Infinity:undefined:undefined:undefined:undefined":11,"s:106:6:107:Infinity":51,"s:107:8:107:Infinity":52,"s:109:6:109:Infinity":53,"s:112:17:112:Infinity":54,"b:115:4:117:Infinity:undefined:undefined:undefined:undefined":12,"s:115:4:117:Infinity":55,"s:116:6:116:Infinity":56,"s:117:6:117:Infinity":57,"s:120:4:120:Infinity":58,"f:123:2:123:10":11,"s:124:14:124:Infinity":59,"s:125:17:125:42":60,"s:126:17:126:42":61,"s:128:6:130:45":62,"s:131:14:131:60":63,"s:132:4:132:Infinity":64,"f:135:2:135:10":12,"s:136:4:136:Infinity":65,"f:139:2:139:10":13,"s:140:4:145:Infinity":66,"f:143:7:143:14":14,"s:143:19:143:84":67,"b:143:19:143:38:143:38:143:55:143:55:143:71:143:71:143:84":13}}}
,"C:\\Users\\doobs\\OneDrive\\Documents\\projects\\rare-bird-dashboard\\backend\\src\\lib\\region-service.ts": {"path":"C:\\Users\\doobs\\OneDrive\\Documents\\projects\\rare-bird-dashboard\\backend\\src\\lib\\region-service.ts","statementMap":{"0":{"start":{"line":5,"column":27},"end":{"line":5,"column":78}},"1":{"start":{"line":7,"column":22},"end":{"line":7,"column":48}},"2":{"start":{"line":14,"column":23},"end":{"line":14,"column":71}},"3":{"start":{"line":17,"column":10},"end":{"line":17,"column":82}},"4":{"start":{"line":17,"column":32},"end":{"line":17,"column":82}},"5":{"start":{"line":18,"column":19},"end":{"line":18,"column":35}},"6":{"start":{"line":20,"column":18},"end":{"line":20,"column":63}},"7":{"start":{"line":20,"column":39},"end":{"line":20,"column":63}},"8":{"start":{"line":21,"column":4},"end":{"line":21,"column":null}},"9":{"start":{"line":25,"column":4},"end":{"line":32,"column":null}},"10":{"start":{"line":26,"column":6},"end":{"line":26,"column":null}},"11":{"start":{"line":27,"column":6},"end":{"line":32,"column":null}},"12":{"start":{"line":28,"column":27},"end":{"line":28,"column":97}},"13":{"start":{"line":29,"column":8},"end":{"line":29,"column":null}},"14":{"start":{"line":31,"column":8},"end":{"line":31,"column":null}},"15":{"start":{"line":32,"column":8},"end":{"line":32,"column":null}},"16":{"start":{"line":35,"column":4},"end":{"line":35,"column":null}}},"fnMap":{"0":{"name":"(anonymous_0)","decl":{"start":{"line":7,"column":2},"end":{"line":7,"column":14}},"loc":{"start":{"line":7,"column":48},"end":{"line":7,"column":48}},"line":7},"1":{"name":"(anonymous_1)","decl":{"start":{"line":13,"column":8},"end":{"line":13,"column":26}},"loc":{"start":{"line":13,"column":96},"end":{"line":21,"column":null}},"line":13},"2":{"name":"(anonymous_2)","decl":{"start":{"line":17,"column":10},"end":{"line":17,"column":18}},"loc":{"start":{"line":17,"column":32},"end":{"line":17,"column":82}},"line":17},"3":{"name":"(anonymous_3)","decl":{"start":{"line":20,"column":29},"end":{"line":20,"column":34}},"loc":{"start":{"line":20,"column":39},"end":{"line":20,"column":63}},"line":20},"4":{"name":"(anonymous_4)","decl":{"start":{"line":24,"column":16},"end":{"line":24,"column":36}},"loc":{"start":{"line":24,"column":105},"end":{"line":35,"column":null}},"line":24}},"branchMap":{"0":{"loc":{"start":{"line":21,"column":11},"end":{"line":21,"column":null}},"type":"cond-expr","locations":[{"start":{"line":21,"column":19},"end":{"line":21,"column":32}},{"start":{"line":21,"column":32},"end":{"line":21,"column":null}}],"line":21},"1":{"loc":{"start":{"line":25,"column":4},"end":{"line":32,"column":null}},"type":"if","locations":[{"start":{"line":25,"column":4},"end":{"line":32,"column":null}},{"start":{},"end":{}}],"line":25},"2":{"loc":{"start":{"line":35,"column":11},"end":{"line":35,"column":58}},"type":"binary-expr","locations":[{"start":{"line":35,"column":11},"end":{"line":35,"column":52}},{"start":{"line":35,"column":56},"end":{"line":35,"column":58}}],"line":35}},"s":{"0":4,"1":4,"2":6,"3":6,"4":11,"5":6,"6":6,"7":5,"8":6,"9":6,"10":4,"11":4,"12":4,"13":3,"14":1,"15":1,"16":5},"f":{"0":4,"1":6,"2":11,"3":5,"4":6},"b":{"0":[4,2],"1":[4,2],"2":[5,0]},"meta":{"lastBranch":3,"lastFunction":5,"lastStatement":17,"seen":{"s:5:27:5:78":0,"f:7:2:7:14":0,"s:7:22:7:48":1,"f:13:8:13:26":1,"s:14:23:14:71":2,"s:17:10:17:82":3,"f:17:10:17:18":2,"s:17:32:17:82":4,"s:18:19:18:35":5,"s:20:18:20:63":6,"f:20:29:20:34":3,"s:20:39:20:63":7,"s:21:4:21:Infinity":8,"b:21:19:21:32:21:32:21:Infinity":0,"f:24:16:24:36":4,"b:25:4:32:Infinity:undefined:undefined:undefined:undefined":1,"s:25:4:32:Infinity":9,"s:26:6:26:Infinity":10,"s:27:6:32:Infinity":11,"s:28:27:28:97":12,"s:29:8:29:Infinity":13,"s:31:8:31:Infinity":14,"s:32:8:32:Infinity":15,"s:35:4:35:Infinity":16,"b:35:11:35:52:35:56:35:58":2}}}
,"C:\\Users\\doobs\\OneDrive\\Documents\\projects\\rare-bird-dashboard\\backend\\src\\lib\\sighting-service.ts": {"path":"C:\\Users\\doobs\\OneDrive\\Documents\\projects\\rare-bird-dashboard\\backend\\src\\lib\\sighting-service.ts","statementMap":{"0":{"start":{"line":9,"column":20},"end":{"line":9,"column":68}},"1":{"start":{"line":10,"column":20},"end":{"line":10,"column":48}},"2":{"start":{"line":11,"column":26},"end":{"line":11,"column":60}},"3":{"start":{"line":14,"column":2},"end":{"line":25,"column":null}},"4":{"start":{"line":15,"column":37},"end":{"line":24,"column":7}},"5":{"start":{"line":29,"column":2},"end":{"line":31,"column":null}},"6":{"start":{"line":30,"column":4},"end":{"line":30,"column":null}}},"fnMap":{"0":{"name":"saveSightings","decl":{"start":{"line":13,"column":22},"end":{"line":13,"column":36}},"loc":{"start":{"line":13,"column":74},"end":{"line":31,"column":null}},"line":13},"1":{"name":"(anonymous_1)","decl":{"start":{"line":15,"column":20},"end":{"line":15,"column":24}},"loc":{"start":{"line":15,"column":37},"end":{"line":24,"column":7}},"line":15},"2":{"name":"(anonymous_2)","decl":{"start":{"line":29,"column":49},"end":{"line":29,"column":55}},"loc":{"start":{"line":29,"column":62},"end":{"line":31,"column":null}},"line":29}},"branchMap":{"0":{"loc":{"start":{"line":9,"column":36},"end":{"line":9,"column":68}},"type":"binary-expr","locations":[{"start":{"line":9,"column":36},"end":{"line":9,"column":65}},{"start":{"line":9,"column":65},"end":{"line":9,"column":68}}],"line":9}},"s":{"0":1,"1":1,"2":1,"3":1,"4":1,"5":1,"6":0},"f":{"0":1,"1":1,"2":0},"b":{"0":[1,0]},"meta":{"lastBranch":1,"lastFunction":3,"lastStatement":7,"seen":{"s:9:20:9:68":0,"b:9:36:9:65:9:65:9:68":0,"s:10:20:10:48":1,"s:11:26:11:60":2,"f:13:22:13:36":0,"s:14:2:25:Infinity":3,"f:15:20:15:24":1,"s:15:37:24:7":4,"s:29:2:31:Infinity":5,"f:29:49:29:55":2,"s:30:4:30:Infinity":6}}}
,"C:\\Users\\doobs\\OneDrive\\Documents\\projects\\rare-bird-dashboard\\backend\\src\\lib\\streak-service.ts": {"path":"C:\\Users\\doobs\\OneDrive\\Documents\\projects\\rare-bird-dashboard\\backend\\src\\lib\\streak-service.ts","statementMap":{"0":{"start":{"line":8,"column":20},"end":{"line":22,"column":4}},"1":{"start":{"line":24,"column":2},"end":{"line":24,"column":null}},"2":{"start":{"line":24,"column":30},"end":{"line":24,"column":null}},"3":{"start":{"line":27,"column":22},"end":{"line":27,"column":39}},"4":{"start":{"line":28,"column":2},"end":{"line":29,"column":null}},"5":{"start":{"line":29,"column":4},"end":{"line":29,"column":null}},"6":{"start":{"line":32,"column":22},"end":{"line":32,"column":62}},"7":{"start":{"line":33,"column":21},"end":{"line":33,"column":null}},"8":{"start":{"line":38,"column":2},"end":{"line":41,"column":null}},"9":{"start":{"line":41,"column":4},"end":{"line":41,"column":null}},"10":{"start":{"line":44,"column":15},"end":{"line":44,"column":null}},"11":{"start":{"line":45,"column":20},"end":{"line":45,"column":40}},"12":{"start":{"line":47,"column":2},"end":{"line":54,"column":null}},"13":{"start":{"line":48,"column":20},"end":{"line":48,"column":null}},"14":{"start":{"line":49,"column":4},"end":{"line":54,"column":null}},"15":{"start":{"line":50,"column":6},"end":{"line":50,"column":null}},"16":{"start":{"line":52,"column":6},"end":{"line":52,"column":null}},"17":{"start":{"line":54,"column":6},"end":{"line":54,"column":null}},"18":{"start":{"line":58,"column":2},"end":{"line":58,"column":null}}},"fnMap":{"0":{"name":"calculateStreak","decl":{"start":{"line":7,"column":22},"end":{"line":7,"column":38}},"loc":{"start":{"line":7,"column":111},"end":{"line":58,"column":null}},"line":7}},"branchMap":{"0":{"loc":{"start":{"line":24,"column":2},"end":{"line":24,"column":null}},"type":"if","locations":[{"start":{"line":24,"column":2},"end":{"line":24,"column":null}},{"start":{},"end":{}}],"line":24},"1":{"loc":{"start":{"line":38,"column":2},"end":{"line":41,"column":null}},"type":"if","locations":[{"start":{"line":38,"column":2},"end":{"line":41,"column":null}},{"start":{},"end":{}}],"line":38},"2":{"loc":{"start":{"line":49,"column":4},"end":{"line":54,"column":null}},"type":"if","locations":[{"start":{"line":49,"column":4},"end":{"line":54,"column":null}},{"start":{"line":53,"column":11},"end":{"line":54,"column":null}}],"line":49}},"s":{"0":4,"1":4,"2":0,"3":4,"4":4,"5":10,"6":4,"7":4,"8":4,"9":0,"10":4,"11":4,"12":4,"13":12,"14":12,"15":8,"16":8,"17":4,"18":4},"f":{"0":4},"b":{"0":[0,4],"1":[0,4],"2":[8,4]},"meta":{"lastBranch":3,"lastFunction":1,"lastStatement":19,"seen":{"f:7:22:7:38":0,"s:8:20:22:4":0,"b:24:2:24:Infinity:undefined:undefined:undefined:undefined":0,"s:24:2:24:Infinity":1,"s:24:30:24:Infinity":2,"s:27:22:27:39":3,"s:28:2:29:Infinity":4,"s:29:4:29:Infinity":5,"s:32:22:32:62":6,"s:33:21:33:Infinity":7,"b:38:2:41:Infinity:undefined:undefined:undefined:undefined":1,"s:38:2:41:Infinity":8,"s:41:4:41:Infinity":9,"s:44:15:44:Infinity":10,"s:45:20:45:40":11,"s:47:2:54:Infinity":12,"s:48:20:48:Infinity":13,"b:49:4:54:Infinity:53:11:54:Infinity":2,"s:49:4:54:Infinity":14,"s:50:6:50:Infinity":15,"s:52:6:52:Infinity":16,"s:54:6:54:Infinity":17,"s:58:2:58:Infinity":18}}}
}
